E:\ARTIFICIAL INTELLIGENCE\PROJECT\HOPE_LOVE\DEBUG\REACTIONLIST.DLL
E:\Artificial Intelligence\Project\Hope_Love\Debug\ReactionList.exp
E:\ARTIFICIAL INTELLIGENCE\PROJECT\HOPE_LOVE\DEBUG\REACTIONLIST.ILK
E:\Artificial Intelligence\Project\Hope_Love\Debug\ReactionList.lib
E:\ARTIFICIAL INTELLIGENCE\PROJECT\HOPE_LOVE\DEBUG\REACTIONLIST.PDB
E:\Artificial Intelligence\Project\Hope_Love\ReactionList\Debug\cl.command.1.tlog
E:\Artificial Intelligence\Project\Hope_Love\ReactionList\Debug\CL.read.1.tlog
E:\Artificial Intelligence\Project\Hope_Love\ReactionList\Debug\CL.write.1.tlog
E:\Artificial Intelligence\Project\Hope_Love\ReactionList\Debug\link.1724.read.1.tlog
E:\Artificial Intelligence\Project\Hope_Love\ReactionList\Debug\link.1724.write.1.tlog
E:\Artificial Intelligence\Project\Hope_Love\ReactionList\Debug\link.2084.read.1.tlog
E:\Artificial Intelligence\Project\Hope_Love\ReactionList\Debug\link.2084.write.1.tlog
E:\Artificial Intelligence\Project\Hope_Love\ReactionList\Debug\link.2696.read.1.tlog
E:\Artificial Intelligence\Project\Hope_Love\ReactionList\Debug\link.2696.write.1.tlog
E:\Artificial Intelligence\Project\Hope_Love\ReactionList\Debug\link.5752.read.1.tlog
E:\Artificial Intelligence\Project\Hope_Love\ReactionList\Debug\link.5752.write.1.tlog
E:\Artificial Intelligence\Project\Hope_Love\ReactionList\Debug\link.6500.read.1.tlog
E:\Artificial Intelligence\Project\Hope_Love\ReactionList\Debug\link.6500.write.1.tlog
E:\Artificial Intelligence\Project\Hope_Love\ReactionList\Debug\link.6624.read.1.tlog
E:\Artificial Intelligence\Project\Hope_Love\ReactionList\Debug\link.6624.write.1.tlog
E:\Artificial Intelligence\Project\Hope_Love\ReactionList\Debug\link.7252.read.1.tlog
E:\Artificial Intelligence\Project\Hope_Love\ReactionList\Debug\link.7252.write.1.tlog
E:\Artificial Intelligence\Project\Hope_Love\ReactionList\Debug\link.7256.read.1.tlog
E:\Artificial Intelligence\Project\Hope_Love\ReactionList\Debug\link.7256.write.1.tlog
E:\Artificial Intelligence\Project\Hope_Love\ReactionList\Debug\link.7388.read.1.tlog
E:\Artificial Intelligence\Project\Hope_Love\ReactionList\Debug\link.7388.write.1.tlog
E:\Artificial Intelligence\Project\Hope_Love\ReactionList\Debug\link.7620.read.1.tlog
E:\Artificial Intelligence\Project\Hope_Love\ReactionList\Debug\link.7620.write.1.tlog
E:\Artificial Intelligence\Project\Hope_Love\ReactionList\Debug\link.8504.read.1.tlog
E:\Artificial Intelligence\Project\Hope_Love\ReactionList\Debug\link.8504.write.1.tlog
E:\Artificial Intelligence\Project\Hope_Love\ReactionList\Debug\link.8644.read.1.tlog
E:\Artificial Intelligence\Project\Hope_Love\ReactionList\Debug\link.8644.write.1.tlog
E:\Artificial Intelligence\Project\Hope_Love\ReactionList\Debug\link.8664.read.1.tlog
E:\Artificial Intelligence\Project\Hope_Love\ReactionList\Debug\link.8664.write.1.tlog
E:\Artificial Intelligence\Project\Hope_Love\ReactionList\Debug\link.8668.read.1.tlog
E:\Artificial Intelligence\Project\Hope_Love\ReactionList\Debug\link.8668.write.1.tlog
E:\Artificial Intelligence\Project\Hope_Love\ReactionList\Debug\link.9200.read.1.tlog
E:\Artificial Intelligence\Project\Hope_Love\ReactionList\Debug\link.9200.write.1.tlog
E:\Artificial Intelligence\Project\Hope_Love\ReactionList\Debug\link.command.1.tlog
E:\Artificial Intelligence\Project\Hope_Love\ReactionList\Debug\link.read.1.tlog
E:\Artificial Intelligence\Project\Hope_Love\ReactionList\Debug\link.write.1.tlog
E:\ARTIFICIAL INTELLIGENCE\PROJECT\HOPE_LOVE\REACTIONLIST\DEBUG\REACTION.OBJ
E:\ARTIFICIAL INTELLIGENCE\PROJECT\HOPE_LOVE\REACTIONLIST\DEBUG\REACTIONLIST.PCH
E:\Artificial Intelligence\Project\Hope_Love\ReactionList\Debug\ReactionList.write.1.tlog
E:\ARTIFICIAL INTELLIGENCE\PROJECT\HOPE_LOVE\REACTIONLIST\DEBUG\SPEAKCOMMAND.OBJ
E:\ARTIFICIAL INTELLIGENCE\PROJECT\HOPE_LOVE\REACTIONLIST\DEBUG\STDAFX.OBJ
E:\Artificial Intelligence\Project\Hope_Love\ReactionList\Debug\vc100.idb
E:\ARTIFICIAL INTELLIGENCE\PROJECT\HOPE_LOVE\REACTIONLIST\DEBUG\VC100.PDB
