生成启动时间为 2016/4/27 21:21:11。
     1>项目“E:\Artificial Intelligence\Project\Hope_Love\ReactionList\ReactionList.vcxproj”在节点 4 上(build 个目标)。
     1>InitializeBuildStatus:
         正在创建“Debug\ReactionList.unsuccessfulbuild”，因为已指定“AlwaysCreate”。
       ClCompile:
         所有输出均为最新。
         所有输出均为最新。
       Link:
         C:\Program Files (x86)\Microsoft Visual Studio 10.0\VC\bin\link.exe /ERRORREPORT:PROMPT /OUT:"E:\Artificial Intelligence\Project\Hope_Love\Debug\ReactionList.dll" /INCREMENTAL /NOLOGO /MANIFEST:NO /DEBUG /PDB:"E:\Artificial Intelligence\Project\Hope_Love\Debug\ReactionList.pdb" /TLBID:1 /DYNAMICBASE /NXCOMPAT /IMPLIB:"E:\Artificial Intelligence\Project\Hope_Love\Debug\ReactionList.lib" /MACHINE:X86 /DLL Debug\Reaction.obj
         Debug\SpeakCommand.obj
         Debug\Stdafx.obj
         "E:\Artificial Intelligence\Project\Hope_Love\Debug\DataCollection.lib"
         "E:\Artificial Intelligence\Project\Hope_Love\Debug\ReactionAnalysisAlgorithm.lib"
            正在创建库 E:\Artificial Intelligence\Project\Hope_Love\Debug\ReactionList.lib 和对象 E:\Artificial Intelligence\Project\Hope_Love\Debug\ReactionList.exp
         ReactionList.vcxproj -> E:\Artificial Intelligence\Project\Hope_Love\Debug\ReactionList.dll
       FinalizeBuildStatus:
         正在删除文件“Debug\ReactionList.unsuccessfulbuild”。
         正在对“Debug\ReactionList.lastbuildstate”执行 Touch 任务。
     1>已完成生成项目“E:\Artificial Intelligence\Project\Hope_Love\ReactionList\ReactionList.vcxproj”(build 个目标)的操作。

生成成功。

已用时间 00:00:01.34
