生成启动时间为 2015/5/16 0:22:29。
     1>项目“E:\Artificial Intelligence\Project\Hope_Love\Neural Network Design\Neural Network Design.vcxproj”在节点 2 上(build 个目标)。
     1>InitializeBuildStatus:
         正在创建“Release\Neural Network Design.unsuccessfulbuild”，因为已指定“AlwaysCreate”。
       ClCompile:
         所有输出均为最新。
         D:\Visual Studio 2010\VC\bin\CL.exe /c /Zi /nologo /W3 /WX- /O2 /Oy- /D WIN32 /D NDEBUG /D _WINDLL /D _UNICODE /D UNICODE /Gm- /EHsc /MD /GS /fp:precise /Zc:wchar_t /Zc:forScope /Yu"StdAfx.h" /Fp"Release\Neural Network Design.pch" /Fo"Release\\" /Fd"Release\vc100.pdb" /Gd /TP /analyze- /errorReport:prompt ADALINE.cpp CompetitiveNetwork.cpp DataArray.cpp MultilayerNetwork.cpp Neuron.cpp Neuron_compet.cpp Perceptron.cpp TransferFunctions.cpp
         ADALINE.cpp
         CompetitiveNetwork.cpp
         DataArray.cpp
         MultilayerNetwork.cpp
         Neuron.cpp
         Neuron_compet.cpp
         Perceptron.cpp
         TransferFunctions.cpp
         正在生成代码...
     1>e:\artificial intelligence\project\hope_love\neural network design\competitivenetwork.cpp(86): warning C4715: “NeuralNetwork::find_nonzero_index”: 不是所有的控件路径都返回值
       Link:
         D:\Visual Studio 2010\VC\bin\link.exe /ERRORREPORT:PROMPT /OUT:"E:\Artificial Intelligence\Project\Hope_Love\Release\Neural Network Design.dll" /INCREMENTAL:NO /NOLOGO /MANIFEST /ManifestFile:"Release\Neural Network Design.dll.intermediate.manifest" /MANIFESTUAC:"level='asInvoker' uiAccess='false'" /DEBUG /PDB:"E:\Artificial Intelligence\Project\Hope_Love\Release\Neural Network Design.pdb" /TLBID:1 /DYNAMICBASE /NXCOMPAT /IMPLIB:"E:\Artificial Intelligence\Project\Hope_Love\Release\Neural Network Design.lib" /MACHINE:X86 /DLL Release\ADALINE.obj
         Release\CompetitiveNetwork.obj
         Release\DataArray.obj
         Release\Errors.obj
         Release\iDataArray.obj
         Release\iNeuron.obj
         Release\MultilayerNetwork.obj
         Release\Network.obj
         Release\NetworkPolicy.obj
         Release\Neuron.obj
         Release\Neuron_compet.obj
         Release\Perceptron.obj
         Release\Stdafx.obj
         Release\TransferFunctions.obj
         "E:\Artificial Intelligence\Project\Hope_Love\Release\CommonTools.lib"
         "E:\Artificial Intelligence\Project\Hope_Love\Release\Mathmatic.lib"
            正在创建库 E:\Artificial Intelligence\Project\Hope_Love\Release\Neural Network Design.lib 和对象 E:\Artificial Intelligence\Project\Hope_Love\Release\Neural Network Design.exp
         Neural Network Design.vcxproj -> E:\Artificial Intelligence\Project\Hope_Love\Release\Neural Network Design.dll
       Manifest:
         C:\Program Files (x86)\Microsoft SDKs\Windows\v7.0A\bin\mt.exe /nologo /verbose /outputresource:"E:\Artificial Intelligence\Project\Hope_Love\Release\Neural Network Design.dll;#2" /manifest "Release\Neural Network Design.dll.intermediate.manifest"
       FinalizeBuildStatus:
         正在删除文件“Release\Neural Network Design.unsuccessfulbuild”。
         正在对“Release\Neural Network Design.lastbuildstate”执行 Touch 任务。
     1>已完成生成项目“E:\Artificial Intelligence\Project\Hope_Love\Neural Network Design\Neural Network Design.vcxproj”(build 个目标)的操作。

生成成功。

已用时间 00:00:08.44
