E:\ARTIFICIAL INTELLIGENCE\PROJECT\HOPE_LOVE\NEURAL NETWORK DESIGN\RELEASE\.NETFRAMEWORK,VERSION=V4.0.ASSEMBLYATTRIBUTES.OBJ
E:\Artificial Intelligence\Project\Hope_Love\Neural Network Design\Release\cl.command.1.tlog
E:\Artificial Intelligence\Project\Hope_Love\Neural Network Design\Release\CL.read.1.tlog
E:\Artificial Intelligence\Project\Hope_Love\Neural Network Design\Release\CL.write.1.tlog
E:\ARTIFICIAL INTELLIGENCE\PROJECT\HOPE_LOVE\NEURAL NETWORK DESIGN\RELEASE\DATAARRAY.OBJ
E:\Artificial Intelligence\Project\Hope_Love\Neural Network Design\Release\link.command.1.tlog
E:\Artificial Intelligence\Project\Hope_Love\Neural Network Design\Release\link.read.1.tlog
E:\Artificial Intelligence\Project\Hope_Love\Neural Network Design\Release\link.write.1.tlog
E:\Artificial Intelligence\Project\Hope_Love\Neural Network Design\Release\mt.command.1.tlog
E:\Artificial Intelligence\Project\Hope_Love\Neural Network Design\Release\mt.read.1.tlog
E:\Artificial Intelligence\Project\Hope_Love\Neural Network Design\Release\mt.write.1.tlog
E:\ARTIFICIAL INTELLIGENCE\PROJECT\HOPE_LOVE\NEURAL NETWORK DESIGN\RELEASE\NEURAL NETWORK DESIGN.DLL.INTERMEDIATE.MANIFEST
E:\ARTIFICIAL INTELLIGENCE\PROJECT\HOPE_LOVE\NEURAL NETWORK DESIGN\RELEASE\NEURAL NETWORK DESIGN.PCH
E:\Artificial Intelligence\Project\Hope_Love\Neural Network Design\Release\Neural Network Design.write.1.tlog
E:\ARTIFICIAL INTELLIGENCE\PROJECT\HOPE_LOVE\NEURAL NETWORK DESIGN\RELEASE\NEURON.OBJ
E:\Artificial Intelligence\Project\Hope_Love\Neural Network Design\Release\ResolveAssemblyReference.cache
E:\ARTIFICIAL INTELLIGENCE\PROJECT\HOPE_LOVE\NEURAL NETWORK DESIGN\RELEASE\STDAFX.OBJ
E:\ARTIFICIAL INTELLIGENCE\PROJECT\HOPE_LOVE\NEURAL NETWORK DESIGN\RELEASE\TRANSFERFUNCTIONS.OBJ
E:\ARTIFICIAL INTELLIGENCE\PROJECT\HOPE_LOVE\NEURAL NETWORK DESIGN\RELEASE\VC100.PDB
E:\ARTIFICIAL INTELLIGENCE\PROJECT\HOPE_LOVE\RELEASE\NEURAL NETWORK DESIGN.DLL
E:\Artificial Intelligence\Project\Hope_Love\Release\Neural Network Design.exp
E:\Artificial Intelligence\Project\Hope_Love\Release\Neural Network Design.lib
E:\ARTIFICIAL INTELLIGENCE\PROJECT\HOPE_LOVE\RELEASE\NEURAL NETWORK DESIGN.PDB
