生成启动时间为 2015/1/6 22:35:49。
     1>项目“E:\Artificial Intelligence\Project\Hope_Love\Neural Network Design\Neural Network Design.vcxproj”在节点 2 上(build 个目标)。
     1>InitializeBuildStatus:
         正在创建“x64\Debug\Neural Network Design.unsuccessfulbuild”，因为已指定“AlwaysCreate”。
       ClCompile:
         D:\Visual Studio 2010\VC\bin\x86_amd64\CL.exe /c /Zi /nologo /W3 /WX- /Od /D WIN32 /D _DEBUG /D _WINDLL /D _UNICODE /D UNICODE /Gm /EHsc /RTC1 /MDd /GS /fp:precise /Zc:wchar_t /Zc:forScope /Yc"StdAfx.h" /Fp"x64\Debug\Neural Network Design.pch" /Fo"x64\Debug\\" /Fd"x64\Debug\vc100.pdb" /Gd /TP /errorReport:prompt Stdafx.cpp
         Stdafx.cpp
         D:\Visual Studio 2010\VC\bin\x86_amd64\CL.exe /c /Zi /nologo /W3 /WX- /Od /D WIN32 /D _DEBUG /D _WINDLL /D _UNICODE /D UNICODE /Gm /EHsc /RTC1 /MDd /GS /fp:precise /Zc:wchar_t /Zc:forScope /Yu"StdAfx.h" /Fp"x64\Debug\Neural Network Design.pch" /Fo"x64\Debug\\" /Fd"x64\Debug\vc100.pdb" /Gd /TP /errorReport:prompt ADALINE.cpp CompetitiveNetwork.cpp DataArray.cpp Errors.cpp iDataArray.cpp iNeuron.cpp MultilayerNetwork.cpp Network.cpp NetworkPolicy.cpp Neuron.cpp Neuron_compet.cpp Perceptron.cpp TransferFunctions.cpp
         TransferFunctions.cpp
         Perceptron.cpp
         Neuron_compet.cpp
         Neuron.cpp
     1>Neuron.cpp(21): warning C4267: “参数”: 从“size_t”转换到“const int”，可能丢失数据
     1>Neuron.cpp(21): warning C4267: “初始化”: 从“size_t”转换到“const int”，可能丢失数据
     1>Neuron.cpp(21): warning C4267: “初始化”: 从“size_t”转换到“const int”，可能丢失数据
     1>Neuron.cpp(27): warning C4267: “参数”: 从“size_t”转换到“const int”，可能丢失数据
     1>Neuron.cpp(27): warning C4267: “初始化”: 从“size_t”转换到“const int”，可能丢失数据
         NetworkPolicy.cpp
         Network.cpp
         MultilayerNetwork.cpp
         iNeuron.cpp
         iDataArray.cpp
         Errors.cpp
         DataArray.cpp
     1>DataArray.cpp(20): warning C4267: “初始化”: 从“size_t”转换到“const int”，可能丢失数据
         CompetitiveNetwork.cpp
         ADALINE.cpp
         Generating Code...
     1>e:\artificial intelligence\project\hope_love\neural network design\competitivenetwork.cpp(76): warning C4715: “NeuralNetwork::find_nonzero_index”: 不是所有的控件路径都返回值
       ManifestResourceCompile:
         C:\Program Files (x86)\Microsoft SDKs\Windows\v7.0A\bin\rc.exe /nologo /fo"x64\Debug\Neural Network Design.dll.embed.manifest.res" "x64\Debug\Neural Network Design_manifest.rc" 
       Link:
         D:\Visual Studio 2010\VC\bin\x86_amd64\link.exe /ERRORREPORT:PROMPT /OUT:"E:\Artificial Intelligence\Project\Hope_Love\x64\Debug\Neural Network Design.dll" /INCREMENTAL /NOLOGO /MANIFEST /ManifestFile:"x64\Debug\Neural Network Design.dll.intermediate.manifest" /MANIFESTUAC:"level='asInvoker' uiAccess='false'" /DEBUG /PDB:"E:\Artificial Intelligence\Project\Hope_Love\x64\Debug\Neural Network Design.pdb" /TLBID:1 /DYNAMICBASE /NXCOMPAT /IMPLIB:"E:\Artificial Intelligence\Project\Hope_Love\x64\Debug\Neural Network Design.lib" /MACHINE:X64 /DLL "x64\Debug\Neural Network Design.dll.embed.manifest.res"
         x64\Debug\ADALINE.obj
         x64\Debug\CompetitiveNetwork.obj
         x64\Debug\DataArray.obj
         x64\Debug\Errors.obj
         x64\Debug\iDataArray.obj
         x64\Debug\iNeuron.obj
         x64\Debug\MultilayerNetwork.obj
         x64\Debug\Network.obj
         x64\Debug\NetworkPolicy.obj
         x64\Debug\Neuron.obj
         x64\Debug\Neuron_compet.obj
         x64\Debug\Perceptron.obj
         x64\Debug\Stdafx.obj
         x64\Debug\TransferFunctions.obj
         "E:\Artificial Intelligence\Project\Hope_Love\x64\Debug\CommonTools.lib"
         "E:\Artificial Intelligence\Project\Hope_Love\x64\Debug\Mathmatic.lib"
            正在创建库 E:\Artificial Intelligence\Project\Hope_Love\x64\Debug\Neural Network Design.lib 和对象 E:\Artificial Intelligence\Project\Hope_Love\x64\Debug\Neural Network Design.exp
         Neural Network Design.vcxproj -> E:\Artificial Intelligence\Project\Hope_Love\x64\Debug\Neural Network Design.dll
       Manifest:
         C:\Program Files (x86)\Microsoft SDKs\Windows\v7.0A\bin\mt.exe /nologo /verbose /out:"x64\Debug\Neural Network Design.dll.embed.manifest" /manifest "x64\Debug\Neural Network Design.dll.intermediate.manifest"
         C:\Program Files (x86)\Microsoft SDKs\Windows\v7.0A\bin\rc.exe /nologo /fo"x64\Debug\Neural Network Design.dll.embed.manifest.res" "x64\Debug\Neural Network Design_manifest.rc" 
       LinkEmbedManifest:
         D:\Visual Studio 2010\VC\bin\x86_amd64\link.exe /ERRORREPORT:PROMPT /OUT:"E:\Artificial Intelligence\Project\Hope_Love\x64\Debug\Neural Network Design.dll" /INCREMENTAL /NOLOGO /MANIFEST /ManifestFile:"x64\Debug\Neural Network Design.dll.intermediate.manifest" /MANIFESTUAC:"level='asInvoker' uiAccess='false'" /DEBUG /PDB:"E:\Artificial Intelligence\Project\Hope_Love\x64\Debug\Neural Network Design.pdb" /TLBID:1 /DYNAMICBASE /NXCOMPAT /IMPLIB:"E:\Artificial Intelligence\Project\Hope_Love\x64\Debug\Neural Network Design.lib" /MACHINE:X64 /DLL "x64\Debug\Neural Network Design.dll.embed.manifest.res"
         x64\Debug\ADALINE.obj
         x64\Debug\CompetitiveNetwork.obj
         x64\Debug\DataArray.obj
         x64\Debug\Errors.obj
         x64\Debug\iDataArray.obj
         x64\Debug\iNeuron.obj
         x64\Debug\MultilayerNetwork.obj
         x64\Debug\Network.obj
         x64\Debug\NetworkPolicy.obj
         x64\Debug\Neuron.obj
         x64\Debug\Neuron_compet.obj
         x64\Debug\Perceptron.obj
         x64\Debug\Stdafx.obj
         x64\Debug\TransferFunctions.obj
         "E:\Artificial Intelligence\Project\Hope_Love\x64\Debug\CommonTools.lib"
         "E:\Artificial Intelligence\Project\Hope_Love\x64\Debug\Mathmatic.lib"
            正在创建库 E:\Artificial Intelligence\Project\Hope_Love\x64\Debug\Neural Network Design.lib 和对象 E:\Artificial Intelligence\Project\Hope_Love\x64\Debug\Neural Network Design.exp
         Neural Network Design.vcxproj -> E:\Artificial Intelligence\Project\Hope_Love\x64\Debug\Neural Network Design.dll
       PostBuildEvent:
         copy  "E:\Artificial Intelligence\Project\Hope_Love\x64\Debug\Neural Network Design.dll" "E:\Artificial Intelligence\Project\Hope_Love\test\Debug\"
         :VCEnd
         已复制         1 个文件。
       FinalizeBuildStatus:
         正在删除文件“x64\Debug\Neural Network Design.unsuccessfulbuild”。
         正在对“x64\Debug\Neural Network Design.lastbuildstate”执行 Touch 任务。
     1>已完成生成项目“E:\Artificial Intelligence\Project\Hope_Love\Neural Network Design\Neural Network Design.vcxproj”(build 个目标)的操作。

生成成功。

已用时间 00:00:16.51
