E:\ARTIFICIAL INTELLIGENCE\PROJECT\HOPE_LOVE\DEBUG\LEARNINGALGORITHM.DLL
E:\ARTIFICIAL INTELLIGENCE\PROJECT\HOPE_LOVE\DEBUG\LEARNINGALGORITHM.ILK
E:\ARTIFICIAL INTELLIGENCE\PROJECT\HOPE_LOVE\DEBUG\LEARNINGALGORITHM.PDB
E:\Artificial Intelligence\Project\Hope_Love\LearningAlgorithm\Debug\cl.command.1.tlog
E:\Artificial Intelligence\Project\Hope_Love\LearningAlgorithm\Debug\CL.read.1.tlog
E:\Artificial Intelligence\Project\Hope_Love\LearningAlgorithm\Debug\CL.write.1.tlog
E:\ARTIFICIAL INTELLIGENCE\PROJECT\HOPE_LOVE\LEARNINGALGORITHM\DEBUG\GRAMMARLEARNING.OBJ
E:\ARTIFICIAL INTELLIGENCE\PROJECT\HOPE_LOVE\LEARNINGALGORITHM\DEBUG\LEARNINGALGORITHM.PCH
E:\Artificial Intelligence\Project\Hope_Love\LearningAlgorithm\Debug\LearningAlgorithm.vcxprojResolveAssemblyReference.cache
E:\Artificial Intelligence\Project\Hope_Love\LearningAlgorithm\Debug\LearningAlgorithm.write.1.tlog
E:\Artificial Intelligence\Project\Hope_Love\LearningAlgorithm\Debug\link.2100.read.1.tlog
E:\Artificial Intelligence\Project\Hope_Love\LearningAlgorithm\Debug\link.2100.write.1.tlog
E:\Artificial Intelligence\Project\Hope_Love\LearningAlgorithm\Debug\link.2664.read.1.tlog
E:\Artificial Intelligence\Project\Hope_Love\LearningAlgorithm\Debug\link.2664.write.1.tlog
E:\Artificial Intelligence\Project\Hope_Love\LearningAlgorithm\Debug\link.4796.read.1.tlog
E:\Artificial Intelligence\Project\Hope_Love\LearningAlgorithm\Debug\link.4796.write.1.tlog
E:\Artificial Intelligence\Project\Hope_Love\LearningAlgorithm\Debug\link.5212.read.1.tlog
E:\Artificial Intelligence\Project\Hope_Love\LearningAlgorithm\Debug\link.5212.write.1.tlog
E:\Artificial Intelligence\Project\Hope_Love\LearningAlgorithm\Debug\link.6956.read.1.tlog
E:\Artificial Intelligence\Project\Hope_Love\LearningAlgorithm\Debug\link.6956.write.1.tlog
E:\Artificial Intelligence\Project\Hope_Love\LearningAlgorithm\Debug\link.8132.read.1.tlog
E:\Artificial Intelligence\Project\Hope_Love\LearningAlgorithm\Debug\link.8132.write.1.tlog
E:\Artificial Intelligence\Project\Hope_Love\LearningAlgorithm\Debug\link.9092.read.1.tlog
E:\Artificial Intelligence\Project\Hope_Love\LearningAlgorithm\Debug\link.9092.write.1.tlog
E:\Artificial Intelligence\Project\Hope_Love\LearningAlgorithm\Debug\link.command.1.tlog
E:\Artificial Intelligence\Project\Hope_Love\LearningAlgorithm\Debug\link.read.1.tlog
E:\Artificial Intelligence\Project\Hope_Love\LearningAlgorithm\Debug\link.write.1.tlog
E:\ARTIFICIAL INTELLIGENCE\PROJECT\HOPE_LOVE\LEARNINGALGORITHM\DEBUG\STDAFX.OBJ
E:\ARTIFICIAL INTELLIGENCE\PROJECT\HOPE_LOVE\LEARNINGALGORITHM\DEBUG\TEST.OBJ
E:\Artificial Intelligence\Project\Hope_Love\LearningAlgorithm\Debug\vc100.idb
E:\ARTIFICIAL INTELLIGENCE\PROJECT\HOPE_LOVE\LEARNINGALGORITHM\DEBUG\VC100.PDB
