E:\ARTIFICIAL INTELLIGENCE\PROJECT\HOPE_LOVE\DEBUG\REACTIONANALYSISALGORITHM.DLL
E:\Artificial Intelligence\Project\Hope_Love\Debug\ReactionAnalysisAlgorithm.exp
E:\ARTIFICIAL INTELLIGENCE\PROJECT\HOPE_LOVE\DEBUG\REACTIONANALYSISALGORITHM.ILK
E:\Artificial Intelligence\Project\Hope_Love\Debug\ReactionAnalysisAlgorithm.lib
E:\ARTIFICIAL INTELLIGENCE\PROJECT\HOPE_LOVE\DEBUG\REACTIONANALYSISALGORITHM.PDB
E:\ARTIFICIAL INTELLIGENCE\PROJECT\HOPE_LOVE\REACTIONANALYSISALGORITHM\DEBUG\CHAINANALYZER.OBJ
E:\ARTIFICIAL INTELLIGENCE\PROJECT\HOPE_LOVE\REACTIONANALYSISALGORITHM\DEBUG\CHAINGENERATOR.OBJ
E:\Artificial Intelligence\Project\Hope_Love\ReactionAnalysisAlgorithm\Debug\cl.command.1.tlog
E:\Artificial Intelligence\Project\Hope_Love\ReactionAnalysisAlgorithm\Debug\CL.read.1.tlog
E:\Artificial Intelligence\Project\Hope_Love\ReactionAnalysisAlgorithm\Debug\CL.write.1.tlog
E:\ARTIFICIAL INTELLIGENCE\PROJECT\HOPE_LOVE\REACTIONANALYSISALGORITHM\DEBUG\EXTRACTCONCEPTCHAINS.OBJ
E:\ARTIFICIAL INTELLIGENCE\PROJECT\HOPE_LOVE\REACTIONANALYSISALGORITHM\DEBUG\GRAMMARPATTERNSELECTOR.OBJ
E:\Artificial Intelligence\Project\Hope_Love\ReactionAnalysisAlgorithm\Debug\link.6512.read.1.tlog
E:\Artificial Intelligence\Project\Hope_Love\ReactionAnalysisAlgorithm\Debug\link.6512.write.1.tlog
E:\Artificial Intelligence\Project\Hope_Love\ReactionAnalysisAlgorithm\Debug\link.7328.read.1.tlog
E:\Artificial Intelligence\Project\Hope_Love\ReactionAnalysisAlgorithm\Debug\link.7328.write.1.tlog
E:\Artificial Intelligence\Project\Hope_Love\ReactionAnalysisAlgorithm\Debug\link.7552.read.1.tlog
E:\Artificial Intelligence\Project\Hope_Love\ReactionAnalysisAlgorithm\Debug\link.7552.write.1.tlog
E:\Artificial Intelligence\Project\Hope_Love\ReactionAnalysisAlgorithm\Debug\link.8064.read.1.tlog
E:\Artificial Intelligence\Project\Hope_Love\ReactionAnalysisAlgorithm\Debug\link.8064.write.1.tlog
E:\Artificial Intelligence\Project\Hope_Love\ReactionAnalysisAlgorithm\Debug\link.command.1.tlog
E:\Artificial Intelligence\Project\Hope_Love\ReactionAnalysisAlgorithm\Debug\link.read.1.tlog
E:\Artificial Intelligence\Project\Hope_Love\ReactionAnalysisAlgorithm\Debug\link.write.1.tlog
E:\ARTIFICIAL INTELLIGENCE\PROJECT\HOPE_LOVE\REACTIONANALYSISALGORITHM\DEBUG\REACTIONANALYSISALGORITHM.PCH
E:\Artificial Intelligence\Project\Hope_Love\ReactionAnalysisAlgorithm\Debug\ReactionAnalysisAlgorithm.vcxprojResolveAssemblyReference.cache
E:\Artificial Intelligence\Project\Hope_Love\ReactionAnalysisAlgorithm\Debug\ReactionAnalysisAlgorithm.write.1.tlog
E:\ARTIFICIAL INTELLIGENCE\PROJECT\HOPE_LOVE\REACTIONANALYSISALGORITHM\DEBUG\REACTIONPARSER.OBJ
E:\ARTIFICIAL INTELLIGENCE\PROJECT\HOPE_LOVE\REACTIONANALYSISALGORITHM\DEBUG\STDAFX.OBJ
E:\Artificial Intelligence\Project\Hope_Love\ReactionAnalysisAlgorithm\Debug\vc100.idb
E:\ARTIFICIAL INTELLIGENCE\PROJECT\HOPE_LOVE\REACTIONANALYSISALGORITHM\DEBUG\VC100.PDB
