生成启动时间为 2015/1/6 22:39:54。
     1>项目“E:\Artificial Intelligence\Project\Hope_Love\ManageWrapper\ManageWrapper.vcxproj”在节点 2 上(build 个目标)。
     1>InitializeBuildStatus:
         正在创建“x64\Debug\ManageWrapper.unsuccessfulbuild”，因为已指定“AlwaysCreate”。
       GenerateTargetFrameworkMonikerAttribute:
       正在跳过目标“GenerateTargetFrameworkMonikerAttribute”，因为所有输出文件相对于输入文件而言都是最新的。
       ClCompile:
         D:\Visual Studio 2010\VC\bin\x86_amd64\CL.exe /c /AI"C:\Program Files (x86)\Reference Assemblies\Microsoft\Framework\.NETFramework\v4.0" /Zi /clr /nologo /W3 /WX- /Od /D WIN32 /D _DEBUG /D _WINDLL /D _UNICODE /D UNICODE /EHa /MDd /GS /fp:precise /Zc:wchar_t /Zc:forScope /Yc"StdAfx.h" /Fp"x64\Debug\ManageWrapper.pch" /Fo"x64\Debug\\" /Fd"x64\Debug\vc100.pdb" /Gz /TP /FU"E:\Artificial Intelligence\Project\Hope_Love\DataWrapperCS\bin\Debug\DataWrapperCS.dll" /FU"C:\Program Files (x86)\Reference Assemblies\Microsoft\Framework\.NETFramework\v4.0\System.Core.dll" /FU"C:\Program Files (x86)\Reference Assemblies\Microsoft\Framework\.NETFramework\v4.0\System.Data.dll" /FU"C:\Program Files (x86)\Reference Assemblies\Microsoft\Framework\.NETFramework\v4.0\System.dll" /FU"C:\Program Files (x86)\Reference Assemblies\Microsoft\Framework\.NETFramework\v4.0\System.Xml.dll" /errorReport:prompt Stdafx.cpp /clr:nostdlib 
         Stdafx.cpp
         D:\Visual Studio 2010\VC\bin\x86_amd64\CL.exe /c /AI"C:\Program Files (x86)\Reference Assemblies\Microsoft\Framework\.NETFramework\v4.0" /Zi /clr /nologo /W3 /WX- /Od /D WIN32 /D _DEBUG /D _WINDLL /D _UNICODE /D UNICODE /EHa /MDd /GS /fp:precise /Zc:wchar_t /Zc:forScope /Yu"StdAfx.h" /Fp"x64\Debug\ManageWrapper.pch" /Fo"x64\Debug\\" /Fd"x64\Debug\vc100.pdb" /Gz /TP /FU"E:\Artificial Intelligence\Project\Hope_Love\DataWrapperCS\bin\Debug\DataWrapperCS.dll" /FU"C:\Program Files (x86)\Reference Assemblies\Microsoft\Framework\.NETFramework\v4.0\System.Core.dll" /FU"C:\Program Files (x86)\Reference Assemblies\Microsoft\Framework\.NETFramework\v4.0\System.Data.dll" /FU"C:\Program Files (x86)\Reference Assemblies\Microsoft\Framework\.NETFramework\v4.0\System.dll" /FU"C:\Program Files (x86)\Reference Assemblies\Microsoft\Framework\.NETFramework\v4.0\System.Xml.dll" /errorReport:prompt ManageWrapper.cpp /clr:nostdlib 
         ManageWrapper.cpp
         所有输出均为最新。
       Link:
         D:\Visual Studio 2010\VC\bin\x86_amd64\link.exe /ERRORREPORT:PROMPT /OUT:"E:\Artificial Intelligence\Project\Hope_Love\x64\Debug\ManageWrapper.dll" /INCREMENTAL /NOLOGO /MANIFEST /ManifestFile:"x64\Debug\ManageWrapper.dll.intermediate.manifest" /MANIFESTUAC:"level='asInvoker' uiAccess='false'" /DEBUG /PDB:"E:\Artificial Intelligence\Project\Hope_Love\x64\Debug\ManageWrapper.pdb" /ASSEMBLYDEBUG /TLBID:1 /DYNAMICBASE /FIXED:NO /NXCOMPAT /MACHINE:X64 /DLL x64\Debug\ManageWrapper.obj
         x64\Debug\Stdafx.obj
         "x64\Debug\.NETFramework,Version=v4.0.AssemblyAttributes.obj"
         "E:\Artificial Intelligence\Project\Hope_Love\x64\Debug\CommandList.lib"
         "E:\Artificial Intelligence\Project\Hope_Love\x64\Debug\DataCollection.lib"
         "E:\Artificial Intelligence\Project\Hope_Love\x64\Debug\DataWrapperCPP.lib"
         ManageWrapper.vcxproj -> E:\Artificial Intelligence\Project\Hope_Love\x64\Debug\ManageWrapper.dll
       Manifest:
         C:\Program Files (x86)\Microsoft SDKs\Windows\v7.0A\bin\mt.exe /nologo /verbose /outputresource:"E:\Artificial Intelligence\Project\Hope_Love\x64\Debug\ManageWrapper.dll;#2" /manifest x64\Debug\ManageWrapper.dll.intermediate.manifest
       _CopyFilesMarkedCopyLocal:
         正在将文件从“E:\Artificial Intelligence\Project\Hope_Love\DataWrapperCS\bin\Debug\DataWrapperCS.dll”复制到“E:\Artificial Intelligence\Project\Hope_Love\x64\Debug\DataWrapperCS.dll”。
         正在将文件从“E:\Artificial Intelligence\Project\Hope_Love\DataWrapperCS\bin\Debug\Interactor.dll”复制到“E:\Artificial Intelligence\Project\Hope_Love\x64\Debug\Interactor.dll”。
         正在将文件从“E:\Artificial Intelligence\Project\Hope_Love\DataWrapperCS\bin\Debug\DataWrapperCS.pdb”复制到“E:\Artificial Intelligence\Project\Hope_Love\x64\Debug\DataWrapperCS.pdb”。
         正在将文件从“E:\Artificial Intelligence\Project\Hope_Love\DataWrapperCS\bin\Debug\Interactor.pdb”复制到“E:\Artificial Intelligence\Project\Hope_Love\x64\Debug\Interactor.pdb”。
       FinalizeBuildStatus:
         正在删除文件“x64\Debug\ManageWrapper.unsuccessfulbuild”。
         正在对“x64\Debug\ManageWrapper.lastbuildstate”执行 Touch 任务。
     1>已完成生成项目“E:\Artificial Intelligence\Project\Hope_Love\ManageWrapper\ManageWrapper.vcxproj”(build 个目标)的操作。

生成成功。

已用时间 00:00:03.40
