E:\ARTIFICIAL INTELLIGENCE\PROJECT\HOPE_LOVE\COMMONTOOLS\RELEASE\.NETFRAMEWORK,VERSION=V4.0.ASSEMBLYATTRIBUTES.OBJ
E:\ARTIFICIAL INTELLIGENCE\PROJECT\HOPE_LOVE\COMMONTOOLS\RELEASE\ARTIFICIALNEURALNETWORK.OBJ
E:\Artificial Intelligence\Project\Hope_Love\CommonTools\Release\cl.command.1.tlog
E:\Artificial Intelligence\Project\Hope_Love\CommonTools\Release\CL.read.1.tlog
E:\Artificial Intelligence\Project\Hope_Love\CommonTools\Release\CL.write.1.tlog
E:\ARTIFICIAL INTELLIGENCE\PROJECT\HOPE_LOVE\COMMONTOOLS\RELEASE\COMMONCOMPAREFUNCTION.OBJ
E:\ARTIFICIAL INTELLIGENCE\PROJECT\HOPE_LOVE\COMMONTOOLS\RELEASE\COMMONTOOLS.DLL.INTERMEDIATE.MANIFEST
E:\ARTIFICIAL INTELLIGENCE\PROJECT\HOPE_LOVE\COMMONTOOLS\RELEASE\COMMONTOOLS.PCH
E:\Artificial Intelligence\Project\Hope_Love\CommonTools\Release\CommonTools.write.1.tlog
E:\Artificial Intelligence\Project\Hope_Love\CommonTools\Release\link.command.1.tlog
E:\Artificial Intelligence\Project\Hope_Love\CommonTools\Release\link.read.1.tlog
E:\Artificial Intelligence\Project\Hope_Love\CommonTools\Release\link.write.1.tlog
E:\Artificial Intelligence\Project\Hope_Love\CommonTools\Release\mt.command.1.tlog
E:\Artificial Intelligence\Project\Hope_Love\CommonTools\Release\mt.read.1.tlog
E:\Artificial Intelligence\Project\Hope_Love\CommonTools\Release\mt.write.1.tlog
E:\ARTIFICIAL INTELLIGENCE\PROJECT\HOPE_LOVE\COMMONTOOLS\RELEASE\STDAFX.OBJ
E:\ARTIFICIAL INTELLIGENCE\PROJECT\HOPE_LOVE\COMMONTOOLS\RELEASE\VC100.PDB
E:\ARTIFICIAL INTELLIGENCE\PROJECT\HOPE_LOVE\RELEASE\COMMONTOOLS.DLL
E:\Artificial Intelligence\Project\Hope_Love\Release\CommonTools.exp
E:\Artificial Intelligence\Project\Hope_Love\Release\CommonTools.lib
E:\ARTIFICIAL INTELLIGENCE\PROJECT\HOPE_LOVE\RELEASE\COMMONTOOLS.PDB
