生成启动时间为 2016/3/6 11:28:41。
     1>项目“E:\Artificial Intelligence\Project\Hope_Love\Mathmatic\Mathmatic.vcxproj”在节点 2 上(build 个目标)。
     1>InitializeBuildStatus:
         正在创建“Debug\Mathmatic.unsuccessfulbuild”，因为已指定“AlwaysCreate”。
       ClCompile:
         所有输出均为最新。
         所有输出均为最新。
       Link:
         所有输出均为最新。
         Mathmatic.vcxproj -> E:\Artificial Intelligence\Project\Hope_Love\Debug\Mathmatic.dll
       PostBuildEvent:
         copy  "E:\Artificial Intelligence\Project\Hope_Love\Debug\Mathmatic.dll" "E:\Artificial Intelligence\Project\Hope_Love\test\Debug\"
         :VCEnd
         已复制         1 个文件。
       FinalizeBuildStatus:
         正在删除文件“Debug\Mathmatic.unsuccessfulbuild”。
         正在对“Debug\Mathmatic.lastbuildstate”执行 Touch 任务。
     1>已完成生成项目“E:\Artificial Intelligence\Project\Hope_Love\Mathmatic\Mathmatic.vcxproj”(build 个目标)的操作。

生成成功。

已用时间 00:00:00.71
