E:\ARTIFICIAL INTELLIGENCE\PROJECT\HOPE_LOVE\DEBUG\MATHMATIC.DLL
E:\Artificial Intelligence\Project\Hope_Love\Debug\Mathmatic.exp
E:\ARTIFICIAL INTELLIGENCE\PROJECT\HOPE_LOVE\DEBUG\MATHMATIC.ILK
E:\Artificial Intelligence\Project\Hope_Love\Debug\Mathmatic.lib
E:\ARTIFICIAL INTELLIGENCE\PROJECT\HOPE_LOVE\DEBUG\MATHMATIC.PDB
E:\Artificial Intelligence\Project\Hope_Love\Mathmatic\Debug\cl.command.1.tlog
E:\Artificial Intelligence\Project\Hope_Love\Mathmatic\Debug\CL.read.1.tlog
E:\Artificial Intelligence\Project\Hope_Love\Mathmatic\Debug\CL.write.1.tlog
E:\ARTIFICIAL INTELLIGENCE\PROJECT\HOPE_LOVE\MATHMATIC\DEBUG\FINDSEQUENCE.OBJ
E:\ARTIFICIAL INTELLIGENCE\PROJECT\HOPE_LOVE\MATHMATIC\DEBUG\IMATRIX.OBJ
E:\Artificial Intelligence\Project\Hope_Love\Mathmatic\Debug\link.1736.read.1.tlog
E:\Artificial Intelligence\Project\Hope_Love\Mathmatic\Debug\link.1736.write.1.tlog
E:\Artificial Intelligence\Project\Hope_Love\Mathmatic\Debug\link.3108.read.1.tlog
E:\Artificial Intelligence\Project\Hope_Love\Mathmatic\Debug\link.3108.write.1.tlog
E:\Artificial Intelligence\Project\Hope_Love\Mathmatic\Debug\link.4196.read.1.tlog
E:\Artificial Intelligence\Project\Hope_Love\Mathmatic\Debug\link.4196.write.1.tlog
E:\Artificial Intelligence\Project\Hope_Love\Mathmatic\Debug\link.6268.read.1.tlog
E:\Artificial Intelligence\Project\Hope_Love\Mathmatic\Debug\link.6268.write.1.tlog
E:\Artificial Intelligence\Project\Hope_Love\Mathmatic\Debug\link.6456.read.1.tlog
E:\Artificial Intelligence\Project\Hope_Love\Mathmatic\Debug\link.6456.write.1.tlog
E:\Artificial Intelligence\Project\Hope_Love\Mathmatic\Debug\link.6788.read.1.tlog
E:\Artificial Intelligence\Project\Hope_Love\Mathmatic\Debug\link.6788.write.1.tlog
E:\Artificial Intelligence\Project\Hope_Love\Mathmatic\Debug\link.6900.read.1.tlog
E:\Artificial Intelligence\Project\Hope_Love\Mathmatic\Debug\link.6900.write.1.tlog
E:\Artificial Intelligence\Project\Hope_Love\Mathmatic\Debug\link.6972.read.1.tlog
E:\Artificial Intelligence\Project\Hope_Love\Mathmatic\Debug\link.6972.write.1.tlog
E:\Artificial Intelligence\Project\Hope_Love\Mathmatic\Debug\link.8508.read.1.tlog
E:\Artificial Intelligence\Project\Hope_Love\Mathmatic\Debug\link.8508.write.1.tlog
E:\Artificial Intelligence\Project\Hope_Love\Mathmatic\Debug\link.command.1.tlog
E:\Artificial Intelligence\Project\Hope_Love\Mathmatic\Debug\link.read.1.tlog
E:\Artificial Intelligence\Project\Hope_Love\Mathmatic\Debug\link.write.1.tlog
E:\ARTIFICIAL INTELLIGENCE\PROJECT\HOPE_LOVE\MATHMATIC\DEBUG\MATHMATIC.PCH
E:\Artificial Intelligence\Project\Hope_Love\Mathmatic\Debug\Mathmatic.vcxprojResolveAssemblyReference.cache
E:\Artificial Intelligence\Project\Hope_Love\Mathmatic\Debug\Mathmatic.write.1.tlog
E:\ARTIFICIAL INTELLIGENCE\PROJECT\HOPE_LOVE\MATHMATIC\DEBUG\MATHTOOL.OBJ
E:\ARTIFICIAL INTELLIGENCE\PROJECT\HOPE_LOVE\MATHMATIC\DEBUG\RAND.OBJ
E:\ARTIFICIAL INTELLIGENCE\PROJECT\HOPE_LOVE\MATHMATIC\DEBUG\STDAFX.OBJ
E:\ARTIFICIAL INTELLIGENCE\PROJECT\HOPE_LOVE\MATHMATIC\DEBUG\TEST.OBJ
E:\ARTIFICIAL INTELLIGENCE\PROJECT\HOPE_LOVE\MATHMATIC\DEBUG\TESTCLASS.OBJ
E:\Artificial Intelligence\Project\Hope_Love\Mathmatic\Debug\vc100.idb
E:\ARTIFICIAL INTELLIGENCE\PROJECT\HOPE_LOVE\MATHMATIC\DEBUG\VC100.PDB
E:\ARTIFICIAL INTELLIGENCE\PROJECT\HOPE_LOVE\MATHMATIC\DEBUG\VECTOR.OBJ
