E:\ARTIFICIAL INTELLIGENCE\PROJECT\HOPE_LOVE\REACTIONLIST\RELEASE\.NETFRAMEWORK,VERSION=V4.0.ASSEMBLYATTRIBUTES.OBJ
E:\Artificial Intelligence\Project\Hope_Love\ReactionList\Release\cl.command.1.tlog
E:\Artificial Intelligence\Project\Hope_Love\ReactionList\Release\CL.read.1.tlog
E:\Artificial Intelligence\Project\Hope_Love\ReactionList\Release\CL.write.1.tlog
E:\Artificial Intelligence\Project\Hope_Love\ReactionList\Release\link.command.1.tlog
E:\Artificial Intelligence\Project\Hope_Love\ReactionList\Release\link.read.1.tlog
E:\Artificial Intelligence\Project\Hope_Love\ReactionList\Release\link.write.1.tlog
E:\Artificial Intelligence\Project\Hope_Love\ReactionList\Release\mt.command.1.tlog
E:\Artificial Intelligence\Project\Hope_Love\ReactionList\Release\mt.read.1.tlog
E:\Artificial Intelligence\Project\Hope_Love\ReactionList\Release\mt.write.1.tlog
E:\ARTIFICIAL INTELLIGENCE\PROJECT\HOPE_LOVE\REACTIONLIST\RELEASE\REACTION.OBJ
E:\ARTIFICIAL INTELLIGENCE\PROJECT\HOPE_LOVE\REACTIONLIST\RELEASE\REACTIONLIST.DLL.INTERMEDIATE.MANIFEST
E:\ARTIFICIAL INTELLIGENCE\PROJECT\HOPE_LOVE\REACTIONLIST\RELEASE\REACTIONLIST.PCH
E:\Artificial Intelligence\Project\Hope_Love\ReactionList\Release\ReactionList.write.1.tlog
E:\ARTIFICIAL INTELLIGENCE\PROJECT\HOPE_LOVE\REACTIONLIST\RELEASE\SPEAKCOMMAND.OBJ
E:\ARTIFICIAL INTELLIGENCE\PROJECT\HOPE_LOVE\REACTIONLIST\RELEASE\STDAFX.OBJ
E:\ARTIFICIAL INTELLIGENCE\PROJECT\HOPE_LOVE\REACTIONLIST\RELEASE\VC100.PDB
E:\ARTIFICIAL INTELLIGENCE\PROJECT\HOPE_LOVE\RELEASE\REACTIONLIST.DLL
E:\Artificial Intelligence\Project\Hope_Love\Release\ReactionList.exp
E:\Artificial Intelligence\Project\Hope_Love\Release\ReactionList.lib
E:\ARTIFICIAL INTELLIGENCE\PROJECT\HOPE_LOVE\RELEASE\REACTIONLIST.PDB
