E:\ARTIFICIAL INTELLIGENCE\PROJECT\HOPE_LOVE\DEBUG\MIND.DLL
E:\ARTIFICIAL INTELLIGENCE\PROJECT\HOPE_LOVE\DEBUG\MIND.DLL.MANIFEST
E:\Artificial Intelligence\Project\Hope_Love\Debug\Mind.exp
E:\ARTIFICIAL INTELLIGENCE\PROJECT\HOPE_LOVE\DEBUG\MIND.ILK
E:\Artificial Intelligence\Project\Hope_Love\Debug\Mind.lib
E:\ARTIFICIAL INTELLIGENCE\PROJECT\HOPE_LOVE\DEBUG\MIND.PDB
E:\ARTIFICIAL INTELLIGENCE\PROJECT\HOPE_LOVE\MIND\DEBUG\BASECONCEPT.OBJ
E:\ARTIFICIAL INTELLIGENCE\PROJECT\HOPE_LOVE\MIND\DEBUG\CEREBRUM.OBJ
E:\Artificial Intelligence\Project\Hope_Love\Mind\Debug\cl.command.1.tlog
E:\Artificial Intelligence\Project\Hope_Love\Mind\Debug\CL.read.1.tlog
E:\Artificial Intelligence\Project\Hope_Love\Mind\Debug\CL.write.1.tlog
E:\ARTIFICIAL INTELLIGENCE\PROJECT\HOPE_LOVE\MIND\DEBUG\COMMONFUNCTION.OBJ
E:\ARTIFICIAL INTELLIGENCE\PROJECT\HOPE_LOVE\MIND\DEBUG\CONCEPT.OBJ
E:\ARTIFICIAL INTELLIGENCE\PROJECT\HOPE_LOVE\MIND\DEBUG\CONCEPTCHAIN.OBJ
E:\ARTIFICIAL INTELLIGENCE\PROJECT\HOPE_LOVE\MIND\DEBUG\CONCEPTEDGE.OBJ
E:\ARTIFICIAL INTELLIGENCE\PROJECT\HOPE_LOVE\MIND\DEBUG\CONCEPTINTERACTTABLE.OBJ
E:\ARTIFICIAL INTELLIGENCE\PROJECT\HOPE_LOVE\MIND\DEBUG\CONCEPTINTERACTTABLECONTAINER.OBJ
E:\ARTIFICIAL INTELLIGENCE\PROJECT\HOPE_LOVE\MIND\DEBUG\CONCEPTLEVELTABLE.OBJ
E:\ARTIFICIAL INTELLIGENCE\PROJECT\HOPE_LOVE\MIND\DEBUG\CONCEPTREACTSYSTEM.OBJ
E:\ARTIFICIAL INTELLIGENCE\PROJECT\HOPE_LOVE\MIND\DEBUG\CONCEPTSET.OBJ
E:\ARTIFICIAL INTELLIGENCE\PROJECT\HOPE_LOVE\MIND\DEBUG\CONCEPTSETINITIALIZER.OBJ
E:\ARTIFICIAL INTELLIGENCE\PROJECT\HOPE_LOVE\MIND\DEBUG\FILEPATH.OBJ
E:\ARTIFICIAL INTELLIGENCE\PROJECT\HOPE_LOVE\MIND\DEBUG\FINDCONNECTCONCEPT.OBJ
E:\ARTIFICIAL INTELLIGENCE\PROJECT\HOPE_LOVE\MIND\DEBUG\GRAMMASET.OBJ
E:\ARTIFICIAL INTELLIGENCE\PROJECT\HOPE_LOVE\MIND\DEBUG\GRAMMATREE.OBJ
E:\Artificial Intelligence\Project\Hope_Love\Mind\Debug\link.5292.read.1.tlog
E:\Artificial Intelligence\Project\Hope_Love\Mind\Debug\link.5292.write.1.tlog
E:\Artificial Intelligence\Project\Hope_Love\Mind\Debug\link.6100.read.1.tlog
E:\Artificial Intelligence\Project\Hope_Love\Mind\Debug\link.6100.write.1.tlog
E:\Artificial Intelligence\Project\Hope_Love\Mind\Debug\link.6444.read.1.tlog
E:\Artificial Intelligence\Project\Hope_Love\Mind\Debug\link.6444.write.1.tlog
E:\Artificial Intelligence\Project\Hope_Love\Mind\Debug\link.7480.read.1.tlog
E:\Artificial Intelligence\Project\Hope_Love\Mind\Debug\link.7480.write.1.tlog
E:\Artificial Intelligence\Project\Hope_Love\Mind\Debug\link.7608.read.1.tlog
E:\Artificial Intelligence\Project\Hope_Love\Mind\Debug\link.7608.write.1.tlog
E:\Artificial Intelligence\Project\Hope_Love\Mind\Debug\link.command.1.tlog
E:\Artificial Intelligence\Project\Hope_Love\Mind\Debug\link.read.1.tlog
E:\Artificial Intelligence\Project\Hope_Love\Mind\Debug\link.write.1.tlog
E:\ARTIFICIAL INTELLIGENCE\PROJECT\HOPE_LOVE\MIND\DEBUG\MIND.DLL.INTERMEDIATE.MANIFEST
E:\ARTIFICIAL INTELLIGENCE\PROJECT\HOPE_LOVE\MIND\DEBUG\MIND.PCH
E:\Artificial Intelligence\Project\Hope_Love\Mind\Debug\Mind.vcxprojResolveAssemblyReference.cache
E:\Artificial Intelligence\Project\Hope_Love\Mind\Debug\Mind.write.1.tlog
E:\Artificial Intelligence\Project\Hope_Love\Mind\Debug\mt.command.1.tlog
E:\Artificial Intelligence\Project\Hope_Love\Mind\Debug\mt.read.1.tlog
E:\Artificial Intelligence\Project\Hope_Love\Mind\Debug\mt.write.1.tlog
E:\ARTIFICIAL INTELLIGENCE\PROJECT\HOPE_LOVE\MIND\DEBUG\STDAFX.OBJ
E:\ARTIFICIAL INTELLIGENCE\PROJECT\HOPE_LOVE\MIND\DEBUG\TEST.OBJ
E:\ARTIFICIAL INTELLIGENCE\PROJECT\HOPE_LOVE\MIND\DEBUG\TEST_CONCEPTSET.OBJ
E:\ARTIFICIAL INTELLIGENCE\PROJECT\HOPE_LOVE\MIND\DEBUG\TESTCLASS.OBJ
E:\Artificial Intelligence\Project\Hope_Love\Mind\Debug\vc100.idb
E:\ARTIFICIAL INTELLIGENCE\PROJECT\HOPE_LOVE\MIND\DEBUG\VC100.PDB
