生成启动时间为 2016/4/27 0:41:01。
     1>项目“E:\Artificial Intelligence\Project\Hope_Love\Mind\Mind.vcxproj”在节点 3 上(build 个目标)。
     1>InitializeBuildStatus:
         正在创建“Debug\Mind.unsuccessfulbuild”，因为已指定“AlwaysCreate”。
       ClCompile:
         所有输出均为最新。
         C:\Program Files (x86)\Microsoft Visual Studio 10.0\VC\bin\CL.exe /c /ZI /nologo /W3 /WX- /Od /Oy- /D WIN32 /D _DEBUG /D _WINDLL /D _UNICODE /D UNICODE /Gm /EHsc /RTC1 /MDd /GS /fp:precise /Zc:wchar_t /Zc:forScope /Yc"StdAfx.h" /Fp"Debug\Mind.pch" /Fo"Debug\\" /Fd"Debug\vc100.pdb" /Gz /TP /analyze- /errorReport:prompt Stdafx.cpp
         Stdafx.cpp
         C:\Program Files (x86)\Microsoft Visual Studio 10.0\VC\bin\CL.exe /c /ZI /nologo /W3 /WX- /Od /Oy- /D WIN32 /D _DEBUG /D _WINDLL /D _UNICODE /D UNICODE /Gm /EHsc /RTC1 /MDd /GS /fp:precise /Zc:wchar_t /Zc:forScope /Yu"StdAfx.h" /Fp"Debug\Mind.pch" /Fo"Debug\\" /Fd"Debug\vc100.pdb" /Gz /TP /analyze- /errorReport:prompt Cerebrum.cpp CommonFunction.cpp ConceptInteractTableContainer.cpp ConceptReactImp.cpp ConceptReactImp_1212.cpp ConceptReactImp_1234.cpp ConceptReactSystem.cpp ConceptSet.cpp ConceptSetInitializer.cpp FindConnectConcept.cpp FilePath.cpp GrammaSet.cpp GrammaTree.cpp Test.cpp TestClass.cpp Test_ConceptSet.cpp
         Test_ConceptSet.cpp
         TestClass.cpp
         Test.cpp
         GrammaTree.cpp
         GrammaSet.cpp
         FilePath.cpp
         FindConnectConcept.cpp
         ConceptSetInitializer.cpp
         ConceptSet.cpp
         ConceptReactSystem.cpp
         ConceptReactImp_1234.cpp
         ConceptReactImp_1212.cpp
         ConceptReactImp.cpp
         ConceptInteractTableContainer.cpp
         CommonFunction.cpp
         Cerebrum.cpp
         正在生成代码...
       Link:
         C:\Program Files (x86)\Microsoft Visual Studio 10.0\VC\bin\link.exe /ERRORREPORT:PROMPT /OUT:"E:\Artificial Intelligence\Project\Hope_Love\Debug\Mind.dll" /INCREMENTAL /NOLOGO /MANIFEST /ManifestFile:"Debug\Mind.dll.intermediate.manifest" /MANIFESTUAC:"level='asInvoker' uiAccess='false'" /DEBUG /PDB:"E:\Artificial Intelligence\Project\Hope_Love\Debug\Mind.pdb" /TLBID:1 /DYNAMICBASE /NXCOMPAT /IMPLIB:"E:\Artificial Intelligence\Project\Hope_Love\Debug\Mind.lib" /MACHINE:X86 /DLL Debug\Cerebrum.obj
         Debug\CommonFunction.obj
         Debug\ConceptInteractTableContainer.obj
         Debug\ConceptReactImp.obj
         Debug\ConceptReactImp_1212.obj
         Debug\ConceptReactImp_1234.obj
         Debug\ConceptReactSystem.obj
         Debug\ConceptSet.obj
         Debug\ConceptSetInitializer.obj
         Debug\FindConnectConcept.obj
         Debug\FilePath.obj
         Debug\GrammaSet.obj
         Debug\GrammaTree.obj
         Debug\Stdafx.obj
         Debug\Test.obj
         Debug\TestClass.obj
         Debug\Test_ConceptSet.obj
         "E:\Artificial Intelligence\Project\Hope_Love\Debug\CommonTools.lib"
         "E:\Artificial Intelligence\Project\Hope_Love\Debug\DataCollection.lib"
         "E:\Artificial Intelligence\Project\Hope_Love\Debug\Mathmatic.lib"
         "E:\Artificial Intelligence\Project\Hope_Love\Debug\MindElement.lib"
         "E:\Artificial Intelligence\Project\Hope_Love\Debug\MindInterface.lib"
         "E:\Artificial Intelligence\Project\Hope_Love\Debug\Neural Network Design.lib"
         LINK : 没有找到 E:\Artificial Intelligence\Project\Hope_Love\Debug\Mind.dll 或上一个增量链接没有生成它；正在执行完全链接
            正在创建库 E:\Artificial Intelligence\Project\Hope_Love\Debug\Mind.lib 和对象 E:\Artificial Intelligence\Project\Hope_Love\Debug\Mind.exp
         Mind.vcxproj -> E:\Artificial Intelligence\Project\Hope_Love\Debug\Mind.dll
       Manifest:
         C:\Program Files (x86)\Microsoft SDKs\Windows\v7.0A\bin\mt.exe /nologo /verbose /out:"E:\Artificial Intelligence\Project\Hope_Love\Debug\Mind.dll.manifest" /manifest Debug\Mind.dll.intermediate.manifest
       PostBuildEvent:
         Copy "E:\Artificial Intelligence\Project\Hope_Love\Debug\Mind.dll" "E:\Artificial Intelligence\Project\Hope_Love\HopeLove\bin\Debug\"
         :VCEnd
         已复制         1 个文件。
       FinalizeBuildStatus:
         正在删除文件“Debug\Mind.unsuccessfulbuild”。
         正在对“Debug\Mind.lastbuildstate”执行 Touch 任务。
     1>已完成生成项目“E:\Artificial Intelligence\Project\Hope_Love\Mind\Mind.vcxproj”(build 个目标)的操作。

生成成功。

已用时间 00:00:15.62
