E:\Artificial Intelligence\Project\Hope_Love\DataWrapperCPP\Debug\cl.command.1.tlog
E:\Artificial Intelligence\Project\Hope_Love\DataWrapperCPP\Debug\CL.read.1.tlog
E:\Artificial Intelligence\Project\Hope_Love\DataWrapperCPP\Debug\CL.write.1.tlog
E:\ARTIFICIAL INTELLIGENCE\PROJECT\HOPE_LOVE\DATAWRAPPERCPP\DEBUG\DATAWRAPPER.OBJ
E:\ARTIFICIAL INTELLIGENCE\PROJECT\HOPE_LOVE\DATAWRAPPERCPP\DEBUG\DATAWRAPPERCPP.DLL.INTERMEDIATE.MANIFEST
E:\ARTIFICIAL INTELLIGENCE\PROJECT\HOPE_LOVE\DATAWRAPPERCPP\DEBUG\DATAWRAPPERCPP.PCH
E:\Artificial Intelligence\Project\Hope_Love\DataWrapperCPP\Debug\DataWrapperCPP.vcxprojResolveAssemblyReference.cache
E:\Artificial Intelligence\Project\Hope_Love\DataWrapperCPP\Debug\DataWrapperCPP.write.1.tlog
E:\Artificial Intelligence\Project\Hope_Love\DataWrapperCPP\Debug\link.command.1.tlog
E:\Artificial Intelligence\Project\Hope_Love\DataWrapperCPP\Debug\link.read.1.tlog
E:\Artificial Intelligence\Project\Hope_Love\DataWrapperCPP\Debug\link.write.1.tlog
E:\Artificial Intelligence\Project\Hope_Love\DataWrapperCPP\Debug\mt.command.1.tlog
E:\Artificial Intelligence\Project\Hope_Love\DataWrapperCPP\Debug\mt.read.1.tlog
E:\Artificial Intelligence\Project\Hope_Love\DataWrapperCPP\Debug\mt.write.1.tlog
E:\ARTIFICIAL INTELLIGENCE\PROJECT\HOPE_LOVE\DATAWRAPPERCPP\DEBUG\STDAFX.OBJ
E:\Artificial Intelligence\Project\Hope_Love\DataWrapperCPP\Debug\vc100.idb
E:\ARTIFICIAL INTELLIGENCE\PROJECT\HOPE_LOVE\DATAWRAPPERCPP\DEBUG\VC100.PDB
E:\ARTIFICIAL INTELLIGENCE\PROJECT\HOPE_LOVE\DEBUG\DATAWRAPPERCPP.DLL
E:\ARTIFICIAL INTELLIGENCE\PROJECT\HOPE_LOVE\DEBUG\DATAWRAPPERCPP.DLL.MANIFEST
E:\Artificial Intelligence\Project\Hope_Love\Debug\DataWrapperCPP.exp
E:\ARTIFICIAL INTELLIGENCE\PROJECT\HOPE_LOVE\DEBUG\DATAWRAPPERCPP.ILK
E:\Artificial Intelligence\Project\Hope_Love\Debug\DataWrapperCPP.lib
E:\ARTIFICIAL INTELLIGENCE\PROJECT\HOPE_LOVE\DEBUG\DATAWRAPPERCPP.PDB
E:\Artificial Intelligence\Project\Hope_Love\Debug\Interactor.dll
E:\Artificial Intelligence\Project\Hope_Love\Debug\Interactor.pdb
