E:\ARTIFICIAL INTELLIGENCE\PROJECT\HOPE_LOVE\DATAWRAPPERCPP\RELEASE\.NETFRAMEWORK,VERSION=V4.0.ASSEMBLYATTRIBUTES.OBJ
E:\Artificial Intelligence\Project\Hope_Love\DataWrapperCPP\Release\cl.command.1.tlog
E:\Artificial Intelligence\Project\Hope_Love\DataWrapperCPP\Release\CL.read.1.tlog
E:\Artificial Intelligence\Project\Hope_Love\DataWrapperCPP\Release\CL.write.1.tlog
E:\ARTIFICIAL INTELLIGENCE\PROJECT\HOPE_LOVE\DATAWRAPPERCPP\RELEASE\DATAWRAPPER.OBJ
E:\ARTIFICIAL INTELLIGENCE\PROJECT\HOPE_LOVE\DATAWRAPPERCPP\RELEASE\DATAWRAPPERCPP.DLL.INTERMEDIATE.MANIFEST
E:\ARTIFICIAL INTELLIGENCE\PROJECT\HOPE_LOVE\DATAWRAPPERCPP\RELEASE\DATAWRAPPERCPP.PCH
E:\Artificial Intelligence\Project\Hope_Love\DataWrapperCPP\Release\DataWrapperCPP.write.1.tlog
E:\Artificial Intelligence\Project\Hope_Love\DataWrapperCPP\Release\link.command.1.tlog
E:\Artificial Intelligence\Project\Hope_Love\DataWrapperCPP\Release\link.read.1.tlog
E:\Artificial Intelligence\Project\Hope_Love\DataWrapperCPP\Release\link.write.1.tlog
E:\Artificial Intelligence\Project\Hope_Love\DataWrapperCPP\Release\mt.command.1.tlog
E:\Artificial Intelligence\Project\Hope_Love\DataWrapperCPP\Release\mt.read.1.tlog
E:\Artificial Intelligence\Project\Hope_Love\DataWrapperCPP\Release\mt.write.1.tlog
E:\Artificial Intelligence\Project\Hope_Love\DataWrapperCPP\Release\ResolveAssemblyReference.cache
E:\ARTIFICIAL INTELLIGENCE\PROJECT\HOPE_LOVE\DATAWRAPPERCPP\RELEASE\STDAFX.OBJ
E:\ARTIFICIAL INTELLIGENCE\PROJECT\HOPE_LOVE\DATAWRAPPERCPP\RELEASE\VC100.PDB
E:\ARTIFICIAL INTELLIGENCE\PROJECT\HOPE_LOVE\RELEASE\DATAWRAPPERCPP.DLL
E:\Artificial Intelligence\Project\Hope_Love\Release\DataWrapperCPP.exp
E:\Artificial Intelligence\Project\Hope_Love\Release\DataWrapperCPP.lib
E:\ARTIFICIAL INTELLIGENCE\PROJECT\HOPE_LOVE\RELEASE\DATAWRAPPERCPP.PDB
E:\Artificial Intelligence\Project\Hope_Love\Release\Interactor.dll
E:\Artificial Intelligence\Project\Hope_Love\Release\Interactor.pdb
