生成启动时间为 2016/3/7 21:58:40。
     1>项目“E:\Artificial Intelligence\Project\Hope_Love\DataWrapperCPP\DataWrapperCPP.vcxproj”在节点 3 上(build 个目标)。
     1>InitializeBuildStatus:
         正在创建“Release\DataWrapperCPP.unsuccessfulbuild”，因为已指定“AlwaysCreate”。
       ClCompile:
         所有输出均为最新。
         C:\Program Files (x86)\Microsoft Visual Studio 10.0\VC\bin\CL.exe /c /Zi /nologo /W3 /WX- /O2 /Oy- /D WIN32 /D NDEBUG /D _WINDLL /D _UNICODE /D UNICODE /Gm- /EHsc /MD /GS /fp:precise /Zc:wchar_t /Zc:forScope /Yu"StdAfx.h" /Fp"Release\DataWrapperCPP.pch" /Fo"Release\\" /Fd"Release\vc100.pdb" /Gz /TP /analyze- /errorReport:prompt DataWrapper.cpp
         DataWrapper.cpp
       Link:
         C:\Program Files (x86)\Microsoft Visual Studio 10.0\VC\bin\link.exe /ERRORREPORT:PROMPT /OUT:"E:\Artificial Intelligence\Project\Hope_Love\Release\DataWrapperCPP.dll" /INCREMENTAL:NO /NOLOGO /MANIFEST /ManifestFile:"Release\DataWrapperCPP.dll.intermediate.manifest" /MANIFESTUAC:"level='asInvoker' uiAccess='false'" /DEBUG /PDB:"E:\Artificial Intelligence\Project\Hope_Love\Release\DataWrapperCPP.pdb" /TLBID:1 /DYNAMICBASE /NXCOMPAT /IMPLIB:"E:\Artificial Intelligence\Project\Hope_Love\Release\DataWrapperCPP.lib" /MACHINE:X86 /DLL Release\DataWrapper.obj
         Release\Stdafx.obj
         "E:\Artificial Intelligence\Project\Hope_Love\Release\DataCollection.lib"
            正在创建库 E:\Artificial Intelligence\Project\Hope_Love\Release\DataWrapperCPP.lib 和对象 E:\Artificial Intelligence\Project\Hope_Love\Release\DataWrapperCPP.exp
         DataWrapperCPP.vcxproj -> E:\Artificial Intelligence\Project\Hope_Love\Release\DataWrapperCPP.dll
       Manifest:
         C:\Program Files (x86)\Microsoft SDKs\Windows\v7.0A\bin\mt.exe /nologo /verbose /outputresource:"E:\Artificial Intelligence\Project\Hope_Love\Release\DataWrapperCPP.dll;#2" /manifest Release\DataWrapperCPP.dll.intermediate.manifest
       _CopyFilesMarkedCopyLocal:
         正在将文件从“E:\Artificial Intelligence\Project\Hope_Love\Interactor\bin\Debug\Interactor.dll”复制到“E:\Artificial Intelligence\Project\Hope_Love\Release\Interactor.dll”。
         正在将文件从“E:\Artificial Intelligence\Project\Hope_Love\Interactor\bin\Debug\Interactor.pdb”复制到“E:\Artificial Intelligence\Project\Hope_Love\Release\Interactor.pdb”。
       FinalizeBuildStatus:
         正在删除文件“Release\DataWrapperCPP.unsuccessfulbuild”。
         正在对“Release\DataWrapperCPP.lastbuildstate”执行 Touch 任务。
     1>已完成生成项目“E:\Artificial Intelligence\Project\Hope_Love\DataWrapperCPP\DataWrapperCPP.vcxproj”(build 个目标)的操作。

生成成功。

已用时间 00:00:02.77
