生成启动时间为 2015/1/6 22:35:49。
     1>项目“E:\Artificial Intelligence\Project\Hope_Love\DataCollection\DataCollection.vcxproj”在节点 3 上(build 个目标)。
     1>InitializeBuildStatus:
         正在创建“x64\Debug\DataCollection.unsuccessfulbuild”，因为已指定“AlwaysCreate”。
       ClCompile:
         D:\Visual Studio 2010\VC\bin\x86_amd64\CL.exe /c /I..\..\..\Hope_Love /Zi /nologo /W3 /WX- /Od /D WIN32 /D _DEBUG /D _WINDLL /D _UNICODE /D UNICODE /Gm /EHsc /RTC1 /MDd /GS /fp:precise /Zc:wchar_t /Zc:forScope /Yc"StdAfx.h" /Fp"x64\Debug\DataCollection.pch" /Fo"x64\Debug\\" /Fd"x64\Debug\vc100.pdb" /Gz /TP /errorReport:prompt Stdafx.cpp
         Stdafx.cpp
         D:\Visual Studio 2010\VC\bin\x86_amd64\CL.exe /c /I..\..\..\Hope_Love /Zi /nologo /W3 /WX- /Od /D WIN32 /D _DEBUG /D _WINDLL /D _UNICODE /D UNICODE /Gm /EHsc /RTC1 /MDd /GS /fp:precise /Zc:wchar_t /Zc:forScope /Yu"StdAfx.h" /Fp"x64\Debug\DataCollection.pch" /Fo"x64\Debug\\" /Fd"x64\Debug\vc100.pdb" /Gz /TP /errorReport:prompt Character.cpp ChineseCharacters.cpp DataBase.cpp PrepositionCollection.cpp Punctures.cpp Sentence.cpp WordColletction.cpp DataBaseProcessorTool.cpp Word.cpp WordSearchAlgorithm.cpp
         WordSearchAlgorithm.cpp
         Word.cpp
     1>e:\artificial intelligence\project\hope_love\datacollection\Word.h(39): warning C4267: “return”: 从“size_t”转换到“int”，可能丢失数据
         DataBaseProcessorTool.cpp
         WordColletction.cpp
     1>e:\artificial intelligence\project\hope_love\datacollection\Word.h(39): warning C4267: “return”: 从“size_t”转换到“int”，可能丢失数据
         Sentence.cpp
     1>e:\artificial intelligence\project\hope_love\datacollection\Word.h(39): warning C4267: “return”: 从“size_t”转换到“int”，可能丢失数据
         Punctures.cpp
         PrepositionCollection.cpp
     1>e:\artificial intelligence\project\hope_love\datacollection\Word.h(39): warning C4267: “return”: 从“size_t”转换到“int”，可能丢失数据
         DataBase.cpp
         ChineseCharacters.cpp
         Character.cpp
         Generating Code...
       ManifestResourceCompile:
         C:\Program Files (x86)\Microsoft SDKs\Windows\v7.0A\bin\rc.exe /nologo /fo"x64\Debug\DataCollection.dll.embed.manifest.res" x64\Debug\DataCollection_manifest.rc 
       Link:
         D:\Visual Studio 2010\VC\bin\x86_amd64\link.exe /ERRORREPORT:PROMPT /OUT:"E:\Artificial Intelligence\Project\Hope_Love\x64\Debug\DataCollection.dll" /INCREMENTAL /NOLOGO /MANIFEST /ManifestFile:"x64\Debug\DataCollection.dll.intermediate.manifest" /MANIFESTUAC:"level='asInvoker' uiAccess='false'" /DEBUG /PDB:"E:\Artificial Intelligence\Project\Hope_Love\x64\Debug\DataCollection.pdb" /TLBID:1 /DYNAMICBASE /NXCOMPAT /IMPLIB:"E:\Artificial Intelligence\Project\Hope_Love\x64\Debug\DataCollection.lib" /MACHINE:X64 /DLL x64\Debug\DataCollection.dll.embed.manifest.res
         x64\Debug\Character.obj
         x64\Debug\ChineseCharacters.obj
         x64\Debug\DataBase.obj
         x64\Debug\PrepositionCollection.obj
         x64\Debug\Punctures.obj
         x64\Debug\Sentence.obj
         x64\Debug\Stdafx.obj
         x64\Debug\WordColletction.obj
         x64\Debug\DataBaseProcessorTool.obj
         x64\Debug\Word.obj
         x64\Debug\WordSearchAlgorithm.obj
         "E:\Artificial Intelligence\Project\Hope_Love\x64\Debug\CommonTools.lib"
            正在创建库 E:\Artificial Intelligence\Project\Hope_Love\x64\Debug\DataCollection.lib 和对象 E:\Artificial Intelligence\Project\Hope_Love\x64\Debug\DataCollection.exp
         DataCollection.vcxproj -> E:\Artificial Intelligence\Project\Hope_Love\x64\Debug\DataCollection.dll
       Manifest:
         C:\Program Files (x86)\Microsoft SDKs\Windows\v7.0A\bin\mt.exe /nologo /verbose /out:"x64\Debug\DataCollection.dll.embed.manifest" /manifest x64\Debug\DataCollection.dll.intermediate.manifest
         C:\Program Files (x86)\Microsoft SDKs\Windows\v7.0A\bin\rc.exe /nologo /fo"x64\Debug\DataCollection.dll.embed.manifest.res" x64\Debug\DataCollection_manifest.rc 
       LinkEmbedManifest:
         D:\Visual Studio 2010\VC\bin\x86_amd64\link.exe /ERRORREPORT:PROMPT /OUT:"E:\Artificial Intelligence\Project\Hope_Love\x64\Debug\DataCollection.dll" /INCREMENTAL /NOLOGO /MANIFEST /ManifestFile:"x64\Debug\DataCollection.dll.intermediate.manifest" /MANIFESTUAC:"level='asInvoker' uiAccess='false'" /DEBUG /PDB:"E:\Artificial Intelligence\Project\Hope_Love\x64\Debug\DataCollection.pdb" /TLBID:1 /DYNAMICBASE /NXCOMPAT /IMPLIB:"E:\Artificial Intelligence\Project\Hope_Love\x64\Debug\DataCollection.lib" /MACHINE:X64 /DLL x64\Debug\DataCollection.dll.embed.manifest.res
         x64\Debug\Character.obj
         x64\Debug\ChineseCharacters.obj
         x64\Debug\DataBase.obj
         x64\Debug\PrepositionCollection.obj
         x64\Debug\Punctures.obj
         x64\Debug\Sentence.obj
         x64\Debug\Stdafx.obj
         x64\Debug\WordColletction.obj
         x64\Debug\DataBaseProcessorTool.obj
         x64\Debug\Word.obj
         x64\Debug\WordSearchAlgorithm.obj
         "E:\Artificial Intelligence\Project\Hope_Love\x64\Debug\CommonTools.lib"
            正在创建库 E:\Artificial Intelligence\Project\Hope_Love\x64\Debug\DataCollection.lib 和对象 E:\Artificial Intelligence\Project\Hope_Love\x64\Debug\DataCollection.exp
         DataCollection.vcxproj -> E:\Artificial Intelligence\Project\Hope_Love\x64\Debug\DataCollection.dll
       FinalizeBuildStatus:
         正在删除文件“x64\Debug\DataCollection.unsuccessfulbuild”。
         正在对“x64\Debug\DataCollection.lastbuildstate”执行 Touch 任务。
     1>已完成生成项目“E:\Artificial Intelligence\Project\Hope_Love\DataCollection\DataCollection.vcxproj”(build 个目标)的操作。

生成成功。

已用时间 00:00:14.03
