E:\ARTIFICIAL INTELLIGENCE\PROJECT\HOPE_LOVE\DATACOLLECTION\DEBUG\CHARACTER.OBJ
E:\ARTIFICIAL INTELLIGENCE\PROJECT\HOPE_LOVE\DATACOLLECTION\DEBUG\CHINESECHARACTERS.OBJ
E:\Artificial Intelligence\Project\Hope_Love\DataCollection\Debug\cl.command.1.tlog
E:\Artificial Intelligence\Project\Hope_Love\DataCollection\Debug\CL.read.1.tlog
E:\Artificial Intelligence\Project\Hope_Love\DataCollection\Debug\CL.write.1.tlog
E:\ARTIFICIAL INTELLIGENCE\PROJECT\HOPE_LOVE\DATACOLLECTION\DEBUG\DATABASE.OBJ
E:\ARTIFICIAL INTELLIGENCE\PROJECT\HOPE_LOVE\DATACOLLECTION\DEBUG\DATABASEPROCESSORTOOL.OBJ
E:\ARTIFICIAL INTELLIGENCE\PROJECT\HOPE_LOVE\DATACOLLECTION\DEBUG\DATACOLLECTION.DLL.INTERMEDIATE.MANIFEST
E:\ARTIFICIAL INTELLIGENCE\PROJECT\HOPE_LOVE\DATACOLLECTION\DEBUG\DATACOLLECTION.PCH
E:\Artificial Intelligence\Project\Hope_Love\DataCollection\Debug\DataCollection.write.1.tlog
E:\ARTIFICIAL INTELLIGENCE\PROJECT\HOPE_LOVE\DATACOLLECTION\DEBUG\GRAMMAPATTERN.OBJ
E:\ARTIFICIAL INTELLIGENCE\PROJECT\HOPE_LOVE\DATACOLLECTION\DEBUG\GRAMMARDSENTENCE.OBJ
E:\Artificial Intelligence\Project\Hope_Love\DataCollection\Debug\link.command.1.tlog
E:\Artificial Intelligence\Project\Hope_Love\DataCollection\Debug\link.read.1.tlog
E:\Artificial Intelligence\Project\Hope_Love\DataCollection\Debug\link.write.1.tlog
E:\Artificial Intelligence\Project\Hope_Love\DataCollection\Debug\mt.command.1.tlog
E:\Artificial Intelligence\Project\Hope_Love\DataCollection\Debug\mt.read.1.tlog
E:\Artificial Intelligence\Project\Hope_Love\DataCollection\Debug\mt.write.1.tlog
E:\ARTIFICIAL INTELLIGENCE\PROJECT\HOPE_LOVE\DATACOLLECTION\DEBUG\PREPOSITIONCOLLECTION.OBJ
E:\ARTIFICIAL INTELLIGENCE\PROJECT\HOPE_LOVE\DATACOLLECTION\DEBUG\PUNCTURES.OBJ
E:\ARTIFICIAL INTELLIGENCE\PROJECT\HOPE_LOVE\DATACOLLECTION\DEBUG\SENTENCE.OBJ
E:\ARTIFICIAL INTELLIGENCE\PROJECT\HOPE_LOVE\DATACOLLECTION\DEBUG\STDAFX.OBJ
E:\ARTIFICIAL INTELLIGENCE\PROJECT\HOPE_LOVE\DATACOLLECTION\DEBUG\STRUCTUREDSENTENCE.OBJ
E:\Artificial Intelligence\Project\Hope_Love\DataCollection\Debug\vc100.idb
E:\ARTIFICIAL INTELLIGENCE\PROJECT\HOPE_LOVE\DATACOLLECTION\DEBUG\VC100.PDB
E:\ARTIFICIAL INTELLIGENCE\PROJECT\HOPE_LOVE\DATACOLLECTION\DEBUG\WORD.OBJ
E:\ARTIFICIAL INTELLIGENCE\PROJECT\HOPE_LOVE\DATACOLLECTION\DEBUG\WORDCOLLETCTION.OBJ
E:\ARTIFICIAL INTELLIGENCE\PROJECT\HOPE_LOVE\DATACOLLECTION\DEBUG\WORDSEARCHALGORITHM.OBJ
E:\ARTIFICIAL INTELLIGENCE\PROJECT\HOPE_LOVE\DEBUG\DATACOLLECTION.DLL
E:\ARTIFICIAL INTELLIGENCE\PROJECT\HOPE_LOVE\DEBUG\DATACOLLECTION.DLL.MANIFEST
E:\Artificial Intelligence\Project\Hope_Love\Debug\DataCollection.exp
E:\ARTIFICIAL INTELLIGENCE\PROJECT\HOPE_LOVE\DEBUG\DATACOLLECTION.ILK
E:\Artificial Intelligence\Project\Hope_Love\Debug\DataCollection.lib
E:\ARTIFICIAL INTELLIGENCE\PROJECT\HOPE_LOVE\DEBUG\DATACOLLECTION.PDB
