生成启动时间为 2016/5/7 0:07:51。
     1>项目“E:\Artificial Intelligence\Project\Hope_Love\DataCollection\DataCollection.vcxproj”在节点 2 上(build 个目标)。
     1>InitializeBuildStatus:
         正在创建“Debug\DataCollection.unsuccessfulbuild”，因为已指定“AlwaysCreate”。
       ClCompile:
         所有输出均为最新。
         C:\Program Files (x86)\Microsoft Visual Studio 10.0\VC\bin\CL.exe /c /I..\..\..\Hope_Love /ZI /nologo /W3 /WX- /Od /Oy- /D WIN32 /D _DEBUG /D _WINDLL /D _UNICODE /D UNICODE /Gm /EHsc /RTC1 /MDd /GS /fp:precise /Zc:wchar_t /Zc:forScope /Yu"StdAfx.h" /Fp"Debug\DataCollection.pch" /Fo"Debug\\" /Fd"Debug\vc100.pdb" /Gz /TP /analyze- /errorReport:prompt GrammaPattern.cpp
         GrammaPattern.cpp
       Link:
         C:\Program Files (x86)\Microsoft Visual Studio 10.0\VC\bin\link.exe /ERRORREPORT:PROMPT /OUT:"E:\Artificial Intelligence\Project\Hope_Love\Debug\DataCollection.dll" /INCREMENTAL /NOLOGO /MANIFEST /ManifestFile:"Debug\DataCollection.dll.intermediate.manifest" /MANIFESTUAC:"level='asInvoker' uiAccess='false'" /DEBUG /PDB:"E:\Artificial Intelligence\Project\Hope_Love\Debug\DataCollection.pdb" /TLBID:1 /DYNAMICBASE /NXCOMPAT /IMPLIB:"E:\Artificial Intelligence\Project\Hope_Love\Debug\DataCollection.lib" /MACHINE:X86 /DLL Debug\Character.obj
         Debug\ChineseCharacters.obj
         Debug\DataBase.obj
         Debug\GrammaPattern.obj
         Debug\GrammardSentence.obj
         Debug\PrepositionCollection.obj
         Debug\Punctures.obj
         Debug\Sentence.obj
         Debug\Stdafx.obj
         Debug\StructuredSentence.obj
         Debug\WordColletction.obj
         Debug\DataBaseProcessorTool.obj
         Debug\Word.obj
         Debug\WordSearchAlgorithm.obj
         "E:\Artificial Intelligence\Project\Hope_Love\Debug\CommonTools.lib"
         DataCollection.vcxproj -> E:\Artificial Intelligence\Project\Hope_Love\Debug\DataCollection.dll
       Manifest:
         C:\Program Files (x86)\Microsoft SDKs\Windows\v7.0A\bin\mt.exe /nologo /verbose /out:"E:\Artificial Intelligence\Project\Hope_Love\Debug\DataCollection.dll.manifest" /manifest Debug\DataCollection.dll.intermediate.manifest
       FinalizeBuildStatus:
         正在删除文件“Debug\DataCollection.unsuccessfulbuild”。
         正在对“Debug\DataCollection.lastbuildstate”执行 Touch 任务。
     1>已完成生成项目“E:\Artificial Intelligence\Project\Hope_Love\DataCollection\DataCollection.vcxproj”(build 个目标)的操作。

生成成功。

已用时间 00:00:01.57
