E:\Artificial Intelligence\Project\Hope_Love\CommonTools\Debug\cl.command.1.tlog
E:\Artificial Intelligence\Project\Hope_Love\CommonTools\Debug\CL.read.1.tlog
E:\Artificial Intelligence\Project\Hope_Love\CommonTools\Debug\CL.write.1.tlog
E:\ARTIFICIAL INTELLIGENCE\PROJECT\HOPE_LOVE\COMMONTOOLS\DEBUG\COMMONCOMPAREFUNCTION.OBJ
E:\ARTIFICIAL INTELLIGENCE\PROJECT\HOPE_LOVE\COMMONTOOLS\DEBUG\COMMONDELETEFUNCTION.OBJ
E:\ARTIFICIAL INTELLIGENCE\PROJECT\HOPE_LOVE\COMMONTOOLS\DEBUG\COMMONFINDFUNCTION.OBJ
E:\ARTIFICIAL INTELLIGENCE\PROJECT\HOPE_LOVE\COMMONTOOLS\DEBUG\COMMONSTRINGFUNCTION.OBJ
E:\ARTIFICIAL INTELLIGENCE\PROJECT\HOPE_LOVE\COMMONTOOLS\DEBUG\COMMONTOOLS.DLL.INTERMEDIATE.MANIFEST
E:\ARTIFICIAL INTELLIGENCE\PROJECT\HOPE_LOVE\COMMONTOOLS\DEBUG\COMMONTOOLS.PCH
E:\Artificial Intelligence\Project\Hope_Love\CommonTools\Debug\CommonTools.vcxprojResolveAssemblyReference.cache
E:\Artificial Intelligence\Project\Hope_Love\CommonTools\Debug\CommonTools.write.1.tlog
E:\ARTIFICIAL INTELLIGENCE\PROJECT\HOPE_LOVE\COMMONTOOLS\DEBUG\COMMONTRANSLATEFUNCTION.OBJ
E:\ARTIFICIAL INTELLIGENCE\PROJECT\HOPE_LOVE\COMMONTOOLS\DEBUG\IOFUNCTION.OBJ
E:\Artificial Intelligence\Project\Hope_Love\CommonTools\Debug\link.12304.read.1.tlog
E:\Artificial Intelligence\Project\Hope_Love\CommonTools\Debug\link.12304.write.1.tlog
E:\Artificial Intelligence\Project\Hope_Love\CommonTools\Debug\link.6296.read.1.tlog
E:\Artificial Intelligence\Project\Hope_Love\CommonTools\Debug\link.6296.write.1.tlog
E:\Artificial Intelligence\Project\Hope_Love\CommonTools\Debug\link.6700.read.1.tlog
E:\Artificial Intelligence\Project\Hope_Love\CommonTools\Debug\link.6700.write.1.tlog
E:\Artificial Intelligence\Project\Hope_Love\CommonTools\Debug\link.8436.read.1.tlog
E:\Artificial Intelligence\Project\Hope_Love\CommonTools\Debug\link.8436.write.1.tlog
E:\Artificial Intelligence\Project\Hope_Love\CommonTools\Debug\link.9644.read.1.tlog
E:\Artificial Intelligence\Project\Hope_Love\CommonTools\Debug\link.9644.write.1.tlog
E:\Artificial Intelligence\Project\Hope_Love\CommonTools\Debug\link.command.1.tlog
E:\Artificial Intelligence\Project\Hope_Love\CommonTools\Debug\link.read.1.tlog
E:\Artificial Intelligence\Project\Hope_Love\CommonTools\Debug\link.write.1.tlog
E:\Artificial Intelligence\Project\Hope_Love\CommonTools\Debug\mt.command.1.tlog
E:\Artificial Intelligence\Project\Hope_Love\CommonTools\Debug\mt.read.1.tlog
E:\Artificial Intelligence\Project\Hope_Love\CommonTools\Debug\mt.write.1.tlog
E:\ARTIFICIAL INTELLIGENCE\PROJECT\HOPE_LOVE\COMMONTOOLS\DEBUG\STDAFX.OBJ
E:\Artificial Intelligence\Project\Hope_Love\CommonTools\Debug\vc100.idb
E:\ARTIFICIAL INTELLIGENCE\PROJECT\HOPE_LOVE\COMMONTOOLS\DEBUG\VC100.PDB
E:\ARTIFICIAL INTELLIGENCE\PROJECT\HOPE_LOVE\DEBUG\COMMONTOOLS.DLL
E:\ARTIFICIAL INTELLIGENCE\PROJECT\HOPE_LOVE\DEBUG\COMMONTOOLS.DLL.MANIFEST
E:\Artificial Intelligence\Project\Hope_Love\Debug\CommonTools.exp
E:\ARTIFICIAL INTELLIGENCE\PROJECT\HOPE_LOVE\DEBUG\COMMONTOOLS.ILK
E:\Artificial Intelligence\Project\Hope_Love\Debug\CommonTools.lib
E:\ARTIFICIAL INTELLIGENCE\PROJECT\HOPE_LOVE\DEBUG\COMMONTOOLS.PDB
