E:\ARTIFICIAL INTELLIGENCE\PROJECT\HOPE_LOVE\MATHMATIC\RELEASE\.NETFRAMEWORK,VERSION=V4.0.ASSEMBLYATTRIBUTES.OBJ
E:\Artificial Intelligence\Project\Hope_Love\Mathmatic\Release\cl.command.1.tlog
E:\Artificial Intelligence\Project\Hope_Love\Mathmatic\Release\CL.read.1.tlog
E:\Artificial Intelligence\Project\Hope_Love\Mathmatic\Release\CL.write.1.tlog
E:\ARTIFICIAL INTELLIGENCE\PROJECT\HOPE_LOVE\MATHMATIC\RELEASE\IMATRIX.OBJ
E:\Artificial Intelligence\Project\Hope_Love\Mathmatic\Release\link.command.1.tlog
E:\Artificial Intelligence\Project\Hope_Love\Mathmatic\Release\link.read.1.tlog
E:\Artificial Intelligence\Project\Hope_Love\Mathmatic\Release\link.write.1.tlog
E:\ARTIFICIAL INTELLIGENCE\PROJECT\HOPE_LOVE\MATHMATIC\RELEASE\MATHMATIC.DLL.INTERMEDIATE.MANIFEST
E:\ARTIFICIAL INTELLIGENCE\PROJECT\HOPE_LOVE\MATHMATIC\RELEASE\MATHMATIC.PCH
E:\Artificial Intelligence\Project\Hope_Love\Mathmatic\Release\Mathmatic.write.1.tlog
E:\ARTIFICIAL INTELLIGENCE\PROJECT\HOPE_LOVE\MATHMATIC\RELEASE\MATHTOOL.OBJ
E:\Artificial Intelligence\Project\Hope_Love\Mathmatic\Release\mt.command.1.tlog
E:\Artificial Intelligence\Project\Hope_Love\Mathmatic\Release\mt.read.1.tlog
E:\Artificial Intelligence\Project\Hope_Love\Mathmatic\Release\mt.write.1.tlog
E:\ARTIFICIAL INTELLIGENCE\PROJECT\HOPE_LOVE\MATHMATIC\RELEASE\STDAFX.OBJ
E:\ARTIFICIAL INTELLIGENCE\PROJECT\HOPE_LOVE\MATHMATIC\RELEASE\VC100.PDB
E:\ARTIFICIAL INTELLIGENCE\PROJECT\HOPE_LOVE\MATHMATIC\RELEASE\VECTOR.OBJ
E:\ARTIFICIAL INTELLIGENCE\PROJECT\HOPE_LOVE\RELEASE\MATHMATIC.DLL
E:\Artificial Intelligence\Project\Hope_Love\Release\Mathmatic.exp
E:\Artificial Intelligence\Project\Hope_Love\Release\Mathmatic.lib
E:\ARTIFICIAL INTELLIGENCE\PROJECT\HOPE_LOVE\RELEASE\MATHMATIC.PDB
