生成启动时间为 2015/5/16 0:22:15。
     1>项目“E:\Artificial Intelligence\Project\Hope_Love\Mathmatic\Mathmatic.vcxproj”在节点 2 上(build 个目标)。
     1>InitializeBuildStatus:
         正在创建“Release\Mathmatic.unsuccessfulbuild”，因为已指定“AlwaysCreate”。
       ClCompile:
         所有输出均为最新。
         D:\Visual Studio 2010\VC\bin\CL.exe /c /Zi /nologo /W3 /WX- /O2 /Oy- /D WIN32 /D NDEBUG /D _WINDLL /D _UNICODE /D UNICODE /Gm- /EHsc /MD /GS /fp:precise /Zc:wchar_t /Zc:forScope /Yu"StdAfx.h" /Fp"Release\Mathmatic.pch" /Fo"Release\\" /Fd"Release\vc100.pdb" /Gd /TP /analyze- /errorReport:prompt FindSequence.cpp iMatrix.cpp Vector.cpp
         FindSequence.cpp
         iMatrix.cpp
         Vector.cpp
     1>Vector.cpp(129): warning C4018: “<”: 有符号/无符号不匹配
         正在生成代码...
       Link:
         D:\Visual Studio 2010\VC\bin\link.exe /ERRORREPORT:PROMPT /OUT:"E:\Artificial Intelligence\Project\Hope_Love\Release\Mathmatic.dll" /INCREMENTAL:NO /NOLOGO /MANIFEST /ManifestFile:"Release\Mathmatic.dll.intermediate.manifest" /MANIFESTUAC:"level='asInvoker' uiAccess='false'" /DEBUG /PDB:"E:\Artificial Intelligence\Project\Hope_Love\Release\Mathmatic.pdb" /TLBID:1 /DYNAMICBASE /NXCOMPAT /IMPLIB:"E:\Artificial Intelligence\Project\Hope_Love\Release\Mathmatic.lib" /MACHINE:X86 /DLL Release\FindSequence.obj
         Release\iMatrix.obj
         Release\MathTool.obj
         Release\Stdafx.obj
         Release\Vector.obj
            正在创建库 E:\Artificial Intelligence\Project\Hope_Love\Release\Mathmatic.lib 和对象 E:\Artificial Intelligence\Project\Hope_Love\Release\Mathmatic.exp
         Mathmatic.vcxproj -> E:\Artificial Intelligence\Project\Hope_Love\Release\Mathmatic.dll
       Manifest:
         C:\Program Files (x86)\Microsoft SDKs\Windows\v7.0A\bin\mt.exe /nologo /verbose /outputresource:"E:\Artificial Intelligence\Project\Hope_Love\Release\Mathmatic.dll;#2" /manifest Release\Mathmatic.dll.intermediate.manifest
       FinalizeBuildStatus:
         正在删除文件“Release\Mathmatic.unsuccessfulbuild”。
         正在对“Release\Mathmatic.lastbuildstate”执行 Touch 任务。
     1>已完成生成项目“E:\Artificial Intelligence\Project\Hope_Love\Mathmatic\Mathmatic.vcxproj”(build 个目标)的操作。

生成成功。

已用时间 00:00:03.33
