生成启动时间为 2016/4/23 16:03:05。
     1>项目“E:\Artificial Intelligence\Project\Hope_Love\ManageWrapper\ManageWrapper.vcxproj”在节点 3 上(build 个目标)。
     1>InitializeBuildStatus:
         正在创建“Debug\ManageWrapper.unsuccessfulbuild”，因为已指定“AlwaysCreate”。
       ClCompile:
         C:\Program Files (x86)\Microsoft Visual Studio 10.0\VC\bin\CL.exe /c /AI"C:\Program Files (x86)\Reference Assemblies\Microsoft\Framework\.NETFramework\v4.0" /Zi /clr /nologo /W3 /WX- /Od /Oy- /D WIN32 /D _DEBUG /D _WINDLL /D _UNICODE /D UNICODE /EHa /MDd /GS /fp:precise /Zc:wchar_t /Zc:forScope /Yc"StdAfx.h" /Fp"Debug\ManageWrapper.pch" /Fo"Debug\\" /Fd"Debug\vc100.pdb" /Gz /TP /FU"E:\Artificial Intelligence\Project\Hope_Love\DataWrapperCS\bin\Debug\DataWrapperCS.dll" /FU"E:\Artificial Intelligence\Project\Hope_Love\GlobalInterface\bin\Debug\GlobalInterface.dll" /FU"C:\Program Files (x86)\Reference Assemblies\Microsoft\Framework\.NETFramework\v4.0\System.Core.dll" /FU"C:\Program Files (x86)\Reference Assemblies\Microsoft\Framework\.NETFramework\v4.0\System.Data.dll" /FU"C:\Program Files (x86)\Reference Assemblies\Microsoft\Framework\.NETFramework\v4.0\System.dll" /FU"C:\Program Files (x86)\Reference Assemblies\Microsoft\Framework\.NETFramework\v4.0\System.Xml.dll" /analyze- /errorReport:prompt Stdafx.cpp /clr:nostdlib 
         Stdafx.cpp
         C:\Program Files (x86)\Microsoft Visual Studio 10.0\VC\bin\CL.exe /c /AI"C:\Program Files (x86)\Reference Assemblies\Microsoft\Framework\.NETFramework\v4.0" /Zi /clr /nologo /W3 /WX- /Od /Oy- /D WIN32 /D _DEBUG /D _WINDLL /D _UNICODE /D UNICODE /EHa /MDd /GS /fp:precise /Zc:wchar_t /Zc:forScope /Yu"StdAfx.h" /Fp"Debug\ManageWrapper.pch" /Fo"Debug\\" /Fd"Debug\vc100.pdb" /Gz /TP /FU"E:\Artificial Intelligence\Project\Hope_Love\DataWrapperCS\bin\Debug\DataWrapperCS.dll" /FU"E:\Artificial Intelligence\Project\Hope_Love\GlobalInterface\bin\Debug\GlobalInterface.dll" /FU"C:\Program Files (x86)\Reference Assemblies\Microsoft\Framework\.NETFramework\v4.0\System.Core.dll" /FU"C:\Program Files (x86)\Reference Assemblies\Microsoft\Framework\.NETFramework\v4.0\System.Data.dll" /FU"C:\Program Files (x86)\Reference Assemblies\Microsoft\Framework\.NETFramework\v4.0\System.dll" /FU"C:\Program Files (x86)\Reference Assemblies\Microsoft\Framework\.NETFramework\v4.0\System.Xml.dll" /analyze- /errorReport:prompt Manager_HopeLove.cpp /clr:nostdlib 
         Manager_HopeLove.cpp
         C:\Program Files (x86)\Microsoft Visual Studio 10.0\VC\bin\CL.exe /c /Zi /clr /nologo /W3 /WX- /Od /Oy- /D WIN32 /D _DEBUG /D _WINDLL /D _UNICODE /D UNICODE /EHa /MDd /GS /fp:precise /Zc:wchar_t /Zc:forScope /Fo"Debug\\" /Fd"Debug\vc100.pdb" /Gz /TP /analyze- /errorReport:prompt "C:\Users\dell\AppData\Local\Temp\.NETFramework,Version=v4.0.AssemblyAttributes.cpp"
         .NETFramework,Version=v4.0.AssemblyAttributes.cpp
       Link:
         C:\Program Files (x86)\Microsoft Visual Studio 10.0\VC\bin\link.exe /ERRORREPORT:PROMPT /OUT:"E:\Artificial Intelligence\Project\Hope_Love\Debug\ManageWrapper.dll" /INCREMENTAL /NOLOGO /MANIFEST /ManifestFile:"Debug\ManageWrapper.dll.intermediate.manifest" /MANIFESTUAC:"level='asInvoker' uiAccess='false'" /DEBUG /PDB:"E:\Artificial Intelligence\Project\Hope_Love\Debug\ManageWrapper.pdb" /ASSEMBLYDEBUG /TLBID:1 /DYNAMICBASE /FIXED:NO /NXCOMPAT /MACHINE:X86 /DLL Debug\Manager_HopeLove.obj
         Debug\Stdafx.obj
         "Debug\.NETFramework,Version=v4.0.AssemblyAttributes.obj"
         "E:\Artificial Intelligence\Project\Hope_Love\Debug\CommandList.lib"
         "E:\Artificial Intelligence\Project\Hope_Love\Debug\CommonTools.lib"
         "E:\Artificial Intelligence\Project\Hope_Love\Debug\DataCollection.lib"
         "E:\Artificial Intelligence\Project\Hope_Love\Debug\DataWrapperCPP.lib"
         "E:\Artificial Intelligence\Project\Hope_Love\Debug\Mind.lib"
         ManageWrapper.vcxproj -> E:\Artificial Intelligence\Project\Hope_Love\Debug\ManageWrapper.dll
       Manifest:
         C:\Program Files (x86)\Microsoft SDKs\Windows\v7.0A\bin\mt.exe /nologo /verbose /outputresource:"E:\Artificial Intelligence\Project\Hope_Love\Debug\ManageWrapper.dll;#2" /manifest Debug\ManageWrapper.dll.intermediate.manifest
       _CopyFilesMarkedCopyLocal:
         正在将文件从“E:\Artificial Intelligence\Project\Hope_Love\DataWrapperCS\bin\Debug\DataWrapperCS.dll”复制到“E:\Artificial Intelligence\Project\Hope_Love\Debug\DataWrapperCS.dll”。
         正在将文件从“E:\Artificial Intelligence\Project\Hope_Love\GlobalInterface\bin\Debug\GlobalInterface.dll”复制到“E:\Artificial Intelligence\Project\Hope_Love\Debug\GlobalInterface.dll”。
         正在将文件从“E:\Artificial Intelligence\Project\Hope_Love\DataWrapperCS\bin\Debug\DataWrapperCS.pdb”复制到“E:\Artificial Intelligence\Project\Hope_Love\Debug\DataWrapperCS.pdb”。
         正在将文件从“E:\Artificial Intelligence\Project\Hope_Love\GlobalInterface\bin\Debug\GlobalInterface.pdb”复制到“E:\Artificial Intelligence\Project\Hope_Love\Debug\GlobalInterface.pdb”。
       FinalizeBuildStatus:
         正在删除文件“Debug\ManageWrapper.unsuccessfulbuild”。
         正在对“Debug\ManageWrapper.lastbuildstate”执行 Touch 任务。
     1>已完成生成项目“E:\Artificial Intelligence\Project\Hope_Love\ManageWrapper\ManageWrapper.vcxproj”(build 个目标)的操作。

生成成功。

已用时间 00:00:02.96
