E:\Artificial Intelligence\Project\Hope_Love\Debug\DataWrapperCS.dll
E:\Artificial Intelligence\Project\Hope_Love\Debug\DataWrapperCS.pdb
E:\Artificial Intelligence\Project\Hope_Love\Debug\Interactor.dll
E:\Artificial Intelligence\Project\Hope_Love\Debug\Interactor.pdb
E:\ARTIFICIAL INTELLIGENCE\PROJECT\HOPE_LOVE\DEBUG\MANAGEWRAPPER.DLL
E:\ARTIFICIAL INTELLIGENCE\PROJECT\HOPE_LOVE\DEBUG\MANAGEWRAPPER.ILK
E:\ARTIFICIAL INTELLIGENCE\PROJECT\HOPE_LOVE\DEBUG\MANAGEWRAPPER.PDB
E:\ARTIFICIAL INTELLIGENCE\PROJECT\HOPE_LOVE\MANAGEWRAPPER\DEBUG\.NETFRAMEWORK,VERSION=V4.0.ASSEMBLYATTRIBUTES.OBJ
E:\Artificial Intelligence\Project\Hope_Love\ManageWrapper\Debug\cl.command.1.tlog
E:\Artificial Intelligence\Project\Hope_Love\ManageWrapper\Debug\CL.read.1.tlog
E:\Artificial Intelligence\Project\Hope_Love\ManageWrapper\Debug\CL.write.1.tlog
E:\Artificial Intelligence\Project\Hope_Love\ManageWrapper\Debug\link.1660.read.1.tlog
E:\Artificial Intelligence\Project\Hope_Love\ManageWrapper\Debug\link.1660.write.1.tlog
E:\Artificial Intelligence\Project\Hope_Love\ManageWrapper\Debug\link.7848.read.1.tlog
E:\Artificial Intelligence\Project\Hope_Love\ManageWrapper\Debug\link.7848.write.1.tlog
E:\Artificial Intelligence\Project\Hope_Love\ManageWrapper\Debug\link.8976.read.1.tlog
E:\Artificial Intelligence\Project\Hope_Love\ManageWrapper\Debug\link.8976.write.1.tlog
E:\Artificial Intelligence\Project\Hope_Love\ManageWrapper\Debug\link.command.1.tlog
E:\Artificial Intelligence\Project\Hope_Love\ManageWrapper\Debug\link.read.1.tlog
E:\Artificial Intelligence\Project\Hope_Love\ManageWrapper\Debug\link.write.1.tlog
E:\ARTIFICIAL INTELLIGENCE\PROJECT\HOPE_LOVE\MANAGEWRAPPER\DEBUG\MANAGEWRAPPER.DLL.INTERMEDIATE.MANIFEST
E:\ARTIFICIAL INTELLIGENCE\PROJECT\HOPE_LOVE\MANAGEWRAPPER\DEBUG\MANAGEWRAPPER.OBJ
E:\ARTIFICIAL INTELLIGENCE\PROJECT\HOPE_LOVE\MANAGEWRAPPER\DEBUG\MANAGEWRAPPER.PCH
E:\Artificial Intelligence\Project\Hope_Love\ManageWrapper\Debug\ManageWrapper.vcxprojResolveAssemblyReference.cache
E:\Artificial Intelligence\Project\Hope_Love\ManageWrapper\Debug\ManageWrapper.write.1.tlog
E:\Artificial Intelligence\Project\Hope_Love\ManageWrapper\Debug\mt.command.1.tlog
E:\Artificial Intelligence\Project\Hope_Love\ManageWrapper\Debug\mt.read.1.tlog
E:\Artificial Intelligence\Project\Hope_Love\ManageWrapper\Debug\mt.write.1.tlog
E:\ARTIFICIAL INTELLIGENCE\PROJECT\HOPE_LOVE\MANAGEWRAPPER\DEBUG\STDAFX.OBJ
E:\ARTIFICIAL INTELLIGENCE\PROJECT\HOPE_LOVE\MANAGEWRAPPER\DEBUG\VC100.PDB
