生成启动时间为 2015/5/16 0:22:38。
     1>项目“E:\Artificial Intelligence\Project\Hope_Love\Mind\Mind.vcxproj”在节点 3 上(build 个目标)。
     1>InitializeBuildStatus:
         正在创建“Release\Mind.unsuccessfulbuild”，因为已指定“AlwaysCreate”。
       ClCompile:
         所有输出均为最新。
         D:\Visual Studio 2010\VC\bin\CL.exe /c /Zi /nologo /W3 /WX- /O2 /Oy- /D WIN32 /D NDEBUG /D _WINDLL /D _UNICODE /D UNICODE /Gm- /EHsc /MD /GS /fp:precise /Zc:wchar_t /Zc:forScope /Yu"StdAfx.h" /Fp"Release\Mind.pch" /Fo"Release\\" /Fd"Release\vc100.pdb" /Gz /TP /analyze- /errorReport:prompt Cerebrum.cpp Concept.cpp ConceptSet.cpp FilePath.cpp GrammaSet.cpp GrammaTree.cpp
         Cerebrum.cpp
         Concept.cpp
         ConceptSet.cpp
         FilePath.cpp
         GrammaSet.cpp
         GrammaTree.cpp
         正在生成代码...
       Link:
         D:\Visual Studio 2010\VC\bin\link.exe /ERRORREPORT:PROMPT /OUT:"E:\Artificial Intelligence\Project\Hope_Love\Release\Mind.dll" /INCREMENTAL:NO /NOLOGO /MANIFEST /ManifestFile:"Release\Mind.dll.intermediate.manifest" /MANIFESTUAC:"level='asInvoker' uiAccess='false'" /DEBUG /PDB:"E:\Artificial Intelligence\Project\Hope_Love\Release\Mind.pdb" /TLBID:1 /DYNAMICBASE /NXCOMPAT /IMPLIB:"E:\Artificial Intelligence\Project\Hope_Love\Release\Mind.lib" /MACHINE:X86 /DLL Release\Cerebrum.obj
         Release\Concept.obj
         Release\ConceptSet.obj
         Release\FilePath.obj
         Release\GrammaSet.obj
         Release\GrammaTree.obj
         Release\Stdafx.obj
         "E:\Artificial Intelligence\Project\Hope_Love\Release\CommonTools.lib"
         "E:\Artificial Intelligence\Project\Hope_Love\Release\DataCollection.lib"
         "E:\Artificial Intelligence\Project\Hope_Love\Release\Mathmatic.lib"
            正在创建库 E:\Artificial Intelligence\Project\Hope_Love\Release\Mind.lib 和对象 E:\Artificial Intelligence\Project\Hope_Love\Release\Mind.exp
         Mind.vcxproj -> E:\Artificial Intelligence\Project\Hope_Love\Release\Mind.dll
       Manifest:
         C:\Program Files (x86)\Microsoft SDKs\Windows\v7.0A\bin\mt.exe /nologo /verbose /outputresource:"E:\Artificial Intelligence\Project\Hope_Love\Release\Mind.dll;#2" /manifest Release\Mind.dll.intermediate.manifest
       FinalizeBuildStatus:
         正在删除文件“Release\Mind.unsuccessfulbuild”。
         正在对“Release\Mind.lastbuildstate”执行 Touch 任务。
     1>已完成生成项目“E:\Artificial Intelligence\Project\Hope_Love\Mind\Mind.vcxproj”(build 个目标)的操作。

生成成功。

已用时间 00:00:05.46
