E:\ARTIFICIAL INTELLIGENCE\PROJECT\HOPE_LOVE\DEBUG\SENTENCEANALYSISALGORITHM.DLL
E:\ARTIFICIAL INTELLIGENCE\PROJECT\HOPE_LOVE\DEBUG\SENTENCEANALYSISALGORITHM.DLL.MANIFEST
E:\Artificial Intelligence\Project\Hope_Love\Debug\SentenceAnalysisAlgorithm.exp
E:\ARTIFICIAL INTELLIGENCE\PROJECT\HOPE_LOVE\DEBUG\SENTENCEANALYSISALGORITHM.ILK
E:\Artificial Intelligence\Project\Hope_Love\Debug\SentenceAnalysisAlgorithm.lib
E:\ARTIFICIAL INTELLIGENCE\PROJECT\HOPE_LOVE\DEBUG\SENTENCEANALYSISALGORITHM.PDB
E:\Artificial Intelligence\Project\Hope_Love\SentenceAnalysisAlgorithm\Debug\cl.command.1.tlog
E:\Artificial Intelligence\Project\Hope_Love\SentenceAnalysisAlgorithm\Debug\CL.read.1.tlog
E:\Artificial Intelligence\Project\Hope_Love\SentenceAnalysisAlgorithm\Debug\CL.write.1.tlog
E:\ARTIFICIAL INTELLIGENCE\PROJECT\HOPE_LOVE\SENTENCEANALYSISALGORITHM\DEBUG\CONTEXTANALYZER.OBJ
E:\ARTIFICIAL INTELLIGENCE\PROJECT\HOPE_LOVE\SENTENCEANALYSISALGORITHM\DEBUG\EMOTIONANALYZER.OBJ
E:\ARTIFICIAL INTELLIGENCE\PROJECT\HOPE_LOVE\SENTENCEANALYSISALGORITHM\DEBUG\GRAMMARANALYZER.OBJ
E:\Artificial Intelligence\Project\Hope_Love\SentenceAnalysisAlgorithm\Debug\link.1544.read.1.tlog
E:\Artificial Intelligence\Project\Hope_Love\SentenceAnalysisAlgorithm\Debug\link.1544.write.1.tlog
E:\Artificial Intelligence\Project\Hope_Love\SentenceAnalysisAlgorithm\Debug\link.4544.read.1.tlog
E:\Artificial Intelligence\Project\Hope_Love\SentenceAnalysisAlgorithm\Debug\link.4544.write.1.tlog
E:\Artificial Intelligence\Project\Hope_Love\SentenceAnalysisAlgorithm\Debug\link.4708.read.1.tlog
E:\Artificial Intelligence\Project\Hope_Love\SentenceAnalysisAlgorithm\Debug\link.4708.write.1.tlog
E:\Artificial Intelligence\Project\Hope_Love\SentenceAnalysisAlgorithm\Debug\link.4900.read.1.tlog
E:\Artificial Intelligence\Project\Hope_Love\SentenceAnalysisAlgorithm\Debug\link.4900.write.1.tlog
E:\Artificial Intelligence\Project\Hope_Love\SentenceAnalysisAlgorithm\Debug\link.5364.read.1.tlog
E:\Artificial Intelligence\Project\Hope_Love\SentenceAnalysisAlgorithm\Debug\link.5364.write.1.tlog
E:\Artificial Intelligence\Project\Hope_Love\SentenceAnalysisAlgorithm\Debug\link.5472.read.1.tlog
E:\Artificial Intelligence\Project\Hope_Love\SentenceAnalysisAlgorithm\Debug\link.5472.write.1.tlog
E:\Artificial Intelligence\Project\Hope_Love\SentenceAnalysisAlgorithm\Debug\link.5800.read.1.tlog
E:\Artificial Intelligence\Project\Hope_Love\SentenceAnalysisAlgorithm\Debug\link.5800.write.1.tlog
E:\Artificial Intelligence\Project\Hope_Love\SentenceAnalysisAlgorithm\Debug\link.6348.read.1.tlog
E:\Artificial Intelligence\Project\Hope_Love\SentenceAnalysisAlgorithm\Debug\link.6348.write.1.tlog
E:\Artificial Intelligence\Project\Hope_Love\SentenceAnalysisAlgorithm\Debug\link.6500.read.1.tlog
E:\Artificial Intelligence\Project\Hope_Love\SentenceAnalysisAlgorithm\Debug\link.6500.write.1.tlog
E:\Artificial Intelligence\Project\Hope_Love\SentenceAnalysisAlgorithm\Debug\link.6508.read.1.tlog
E:\Artificial Intelligence\Project\Hope_Love\SentenceAnalysisAlgorithm\Debug\link.6508.write.1.tlog
E:\Artificial Intelligence\Project\Hope_Love\SentenceAnalysisAlgorithm\Debug\link.7416.read.1.tlog
E:\Artificial Intelligence\Project\Hope_Love\SentenceAnalysisAlgorithm\Debug\link.7416.write.1.tlog
E:\Artificial Intelligence\Project\Hope_Love\SentenceAnalysisAlgorithm\Debug\link.8140.read.1.tlog
E:\Artificial Intelligence\Project\Hope_Love\SentenceAnalysisAlgorithm\Debug\link.8140.write.1.tlog
E:\Artificial Intelligence\Project\Hope_Love\SentenceAnalysisAlgorithm\Debug\link.8196.read.1.tlog
E:\Artificial Intelligence\Project\Hope_Love\SentenceAnalysisAlgorithm\Debug\link.8196.write.1.tlog
E:\Artificial Intelligence\Project\Hope_Love\SentenceAnalysisAlgorithm\Debug\link.8620.read.1.tlog
E:\Artificial Intelligence\Project\Hope_Love\SentenceAnalysisAlgorithm\Debug\link.8620.write.1.tlog
E:\Artificial Intelligence\Project\Hope_Love\SentenceAnalysisAlgorithm\Debug\link.command.1.tlog
E:\Artificial Intelligence\Project\Hope_Love\SentenceAnalysisAlgorithm\Debug\link.read.1.tlog
E:\Artificial Intelligence\Project\Hope_Love\SentenceAnalysisAlgorithm\Debug\link.write.1.tlog
E:\Artificial Intelligence\Project\Hope_Love\SentenceAnalysisAlgorithm\Debug\mt.command.1.tlog
E:\Artificial Intelligence\Project\Hope_Love\SentenceAnalysisAlgorithm\Debug\mt.read.1.tlog
E:\Artificial Intelligence\Project\Hope_Love\SentenceAnalysisAlgorithm\Debug\mt.write.1.tlog
E:\ARTIFICIAL INTELLIGENCE\PROJECT\HOPE_LOVE\SENTENCEANALYSISALGORITHM\DEBUG\PUNCTUATOR.OBJ
E:\ARTIFICIAL INTELLIGENCE\PROJECT\HOPE_LOVE\SENTENCEANALYSISALGORITHM\DEBUG\SENTENCEANALYSISALGORITHM.DLL.INTERMEDIATE.MANIFEST
E:\ARTIFICIAL INTELLIGENCE\PROJECT\HOPE_LOVE\SENTENCEANALYSISALGORITHM\DEBUG\SENTENCEANALYSISALGORITHM.PCH
E:\Artificial Intelligence\Project\Hope_Love\SentenceAnalysisAlgorithm\Debug\SentenceAnalysisAlgorithm.write.1.tlog
E:\ARTIFICIAL INTELLIGENCE\PROJECT\HOPE_LOVE\SENTENCEANALYSISALGORITHM\DEBUG\SENTENCEANALYZER.OBJ
E:\ARTIFICIAL INTELLIGENCE\PROJECT\HOPE_LOVE\SENTENCEANALYSISALGORITHM\DEBUG\SENTENCEPARSER.OBJ
E:\ARTIFICIAL INTELLIGENCE\PROJECT\HOPE_LOVE\SENTENCEANALYSISALGORITHM\DEBUG\STDAFX.OBJ
E:\ARTIFICIAL INTELLIGENCE\PROJECT\HOPE_LOVE\SENTENCEANALYSISALGORITHM\DEBUG\STRUCTUREANALYZER.OBJ
E:\Artificial Intelligence\Project\Hope_Love\SentenceAnalysisAlgorithm\Debug\vc100.idb
E:\ARTIFICIAL INTELLIGENCE\PROJECT\HOPE_LOVE\SENTENCEANALYSISALGORITHM\DEBUG\VC100.PDB
E:\ARTIFICIAL INTELLIGENCE\PROJECT\HOPE_LOVE\SENTENCEANALYSISALGORITHM\DEBUG\WORDRELATIONTABLEBUILDER.OBJ
E:\ARTIFICIAL INTELLIGENCE\PROJECT\HOPE_LOVE\SENTENCEANALYSISALGORITHM\DEBUG\WORDSEGMENTATOR.OBJ
