生成启动时间为 2016/5/4 22:19:04。
     1>项目“E:\Artificial Intelligence\Project\Hope_Love\SentenceAnalysisAlgorithm\SentenceAnalysisAlgorithm.vcxproj”在节点 2 上(build 个目标)。
     1>InitializeBuildStatus:
         正在对“Debug\SentenceAnalysisAlgorithm.unsuccessfulbuild”执行 Touch 任务。
       ClCompile:
         所有输出均为最新。
         C:\Program Files (x86)\Microsoft Visual Studio 10.0\VC\bin\CL.exe /c /ZI /nologo /W3 /WX- /Od /Oy- /D WIN32 /D _DEBUG /D _WINDLL /D _UNICODE /D UNICODE /Gm /EHsc /RTC1 /MDd /GS /fp:precise /Zc:wchar_t /Zc:forScope /Yu"StdAfx.h" /Fp"Debug\SentenceAnalysisAlgorithm.pch" /Fo"Debug\\" /Fd"Debug\vc100.pdb" /Gz /TP /analyze- /errorReport:prompt SentenceParser.cpp WordRelationTableBuilder.cpp
         WordRelationTableBuilder.cpp
         SentenceParser.cpp
         正在生成代码...
       Link:
         C:\Program Files (x86)\Microsoft Visual Studio 10.0\VC\bin\link.exe /ERRORREPORT:PROMPT /OUT:"E:\Artificial Intelligence\Project\Hope_Love\Debug\SentenceAnalysisAlgorithm.dll" /INCREMENTAL /NOLOGO "E:\Artificial Intelligence\Project\Hope_Love\Debug\DataCollection.lib" kernel32.lib user32.lib gdi32.lib winspool.lib comdlg32.lib advapi32.lib shell32.lib ole32.lib oleaut32.lib uuid.lib odbc32.lib odbccp32.lib /MANIFEST /ManifestFile:"Debug\SentenceAnalysisAlgorithm.dll.intermediate.manifest" /MANIFESTUAC:"level='asInvoker' uiAccess='false'" /DEBUG /PDB:"E:\Artificial Intelligence\Project\Hope_Love\Debug\SentenceAnalysisAlgorithm.pdb" /TLBID:1 /DYNAMICBASE /NXCOMPAT /IMPLIB:"E:\Artificial Intelligence\Project\Hope_Love\Debug\SentenceAnalysisAlgorithm.lib" /MACHINE:X86 /DLL Debug\ContextAnalyzer.obj
         Debug\EmotionAnalyzer.obj
         Debug\GrammarAnalyzer.obj
         Debug\Punctuator.obj
         Debug\SentenceAnalyzer.obj
         Debug\SentenceParser.obj
         Debug\Stdafx.obj
         Debug\StructureAnalyzer.obj
         Debug\WordRelationTableBuilder.obj
         Debug\WordSegmentator.obj
         "E:\Artificial Intelligence\Project\Hope_Love\Debug\DataCollection.lib"
         "E:\Artificial Intelligence\Project\Hope_Love\Debug\DataWrapperCPP.lib"
         "E:\Artificial Intelligence\Project\Hope_Love\Debug\MindElement.lib"
         "E:\Artificial Intelligence\Project\Hope_Love\Debug\MindInterface.lib"
         SentenceAnalysisAlgorithm.vcxproj -> E:\Artificial Intelligence\Project\Hope_Love\Debug\SentenceAnalysisAlgorithm.dll
       Manifest:
         C:\Program Files (x86)\Microsoft SDKs\Windows\v7.0A\bin\mt.exe /nologo /verbose /out:"E:\Artificial Intelligence\Project\Hope_Love\Debug\SentenceAnalysisAlgorithm.dll.manifest" /manifest Debug\SentenceAnalysisAlgorithm.dll.intermediate.manifest
       FinalizeBuildStatus:
         正在删除文件“Debug\SentenceAnalysisAlgorithm.unsuccessfulbuild”。
         正在对“Debug\SentenceAnalysisAlgorithm.lastbuildstate”执行 Touch 任务。
     1>已完成生成项目“E:\Artificial Intelligence\Project\Hope_Love\SentenceAnalysisAlgorithm\SentenceAnalysisAlgorithm.vcxproj”(build 个目标)的操作。

生成成功。

已用时间 00:00:02.58
