E:\ARTIFICIAL INTELLIGENCE\PROJECT\HOPE_LOVE\REACTIONANALYSISALGORITHM\RELEASE\.NETFRAMEWORK,VERSION=V4.0.ASSEMBLYATTRIBUTES.OBJ
E:\Artificial Intelligence\Project\Hope_Love\ReactionAnalysisAlgorithm\Release\cl.command.1.tlog
E:\Artificial Intelligence\Project\Hope_Love\ReactionAnalysisAlgorithm\Release\CL.read.1.tlog
E:\Artificial Intelligence\Project\Hope_Love\ReactionAnalysisAlgorithm\Release\CL.write.1.tlog
E:\Artificial Intelligence\Project\Hope_Love\ReactionAnalysisAlgorithm\Release\link.command.1.tlog
E:\Artificial Intelligence\Project\Hope_Love\ReactionAnalysisAlgorithm\Release\link.read.1.tlog
E:\Artificial Intelligence\Project\Hope_Love\ReactionAnalysisAlgorithm\Release\link.write.1.tlog
E:\Artificial Intelligence\Project\Hope_Love\ReactionAnalysisAlgorithm\Release\mt.command.1.tlog
E:\Artificial Intelligence\Project\Hope_Love\ReactionAnalysisAlgorithm\Release\mt.read.1.tlog
E:\Artificial Intelligence\Project\Hope_Love\ReactionAnalysisAlgorithm\Release\mt.write.1.tlog
E:\ARTIFICIAL INTELLIGENCE\PROJECT\HOPE_LOVE\REACTIONANALYSISALGORITHM\RELEASE\REACTIONANALYSISALGORITHM.DLL.INTERMEDIATE.MANIFEST
E:\ARTIFICIAL INTELLIGENCE\PROJECT\HOPE_LOVE\REACTIONANALYSISALGORITHM\RELEASE\REACTIONANALYSISALGORITHM.PCH
E:\Artificial Intelligence\Project\Hope_Love\ReactionAnalysisAlgorithm\Release\ReactionAnalysisAlgorithm.write.1.tlog
E:\ARTIFICIAL INTELLIGENCE\PROJECT\HOPE_LOVE\REACTIONANALYSISALGORITHM\RELEASE\REACTIONPARSER.OBJ
E:\ARTIFICIAL INTELLIGENCE\PROJECT\HOPE_LOVE\REACTIONANALYSISALGORITHM\RELEASE\STDAFX.OBJ
E:\ARTIFICIAL INTELLIGENCE\PROJECT\HOPE_LOVE\REACTIONANALYSISALGORITHM\RELEASE\VC100.PDB
E:\ARTIFICIAL INTELLIGENCE\PROJECT\HOPE_LOVE\RELEASE\REACTIONANALYSISALGORITHM.DLL
E:\Artificial Intelligence\Project\Hope_Love\Release\ReactionAnalysisAlgorithm.exp
E:\Artificial Intelligence\Project\Hope_Love\Release\ReactionAnalysisAlgorithm.lib
E:\ARTIFICIAL INTELLIGENCE\PROJECT\HOPE_LOVE\RELEASE\REACTIONANALYSISALGORITHM.PDB
