E:\ARTIFICIAL INTELLIGENCE\PROJECT\HOPE_LOVE\DEBUG\NEURAL NETWORK DESIGN.DLL
E:\ARTIFICIAL INTELLIGENCE\PROJECT\HOPE_LOVE\DEBUG\NEURAL NETWORK DESIGN.DLL.MANIFEST
E:\ARTIFICIAL INTELLIGENCE\PROJECT\HOPE_LOVE\DEBUG\NEURAL NETWORK DESIGN.EXE.MANIFEST
E:\Artificial Intelligence\Project\Hope_Love\Debug\Neural Network Design.exp
E:\ARTIFICIAL INTELLIGENCE\PROJECT\HOPE_LOVE\DEBUG\NEURAL NETWORK DESIGN.ILK
E:\Artificial Intelligence\Project\Hope_Love\Debug\Neural Network Design.lib
E:\ARTIFICIAL INTELLIGENCE\PROJECT\HOPE_LOVE\DEBUG\NEURAL NETWORK DESIGN.PDB
E:\ARTIFICIAL INTELLIGENCE\PROJECT\HOPE_LOVE\NEURAL NETWORK DESIGN\DEBUG\ADALINE.OBJ
E:\Artificial Intelligence\Project\Hope_Love\Neural Network Design\Debug\cl.command.1.tlog
E:\Artificial Intelligence\Project\Hope_Love\Neural Network Design\Debug\CL.read.1.tlog
E:\Artificial Intelligence\Project\Hope_Love\Neural Network Design\Debug\CL.write.1.tlog
E:\ARTIFICIAL INTELLIGENCE\PROJECT\HOPE_LOVE\NEURAL NETWORK DESIGN\DEBUG\COMPETITIVENETWORK.OBJ
E:\ARTIFICIAL INTELLIGENCE\PROJECT\HOPE_LOVE\NEURAL NETWORK DESIGN\DEBUG\DATAARRAY.OBJ
E:\ARTIFICIAL INTELLIGENCE\PROJECT\HOPE_LOVE\NEURAL NETWORK DESIGN\DEBUG\ERRORS.OBJ
E:\ARTIFICIAL INTELLIGENCE\PROJECT\HOPE_LOVE\NEURAL NETWORK DESIGN\DEBUG\IDATAARRAY.OBJ
E:\ARTIFICIAL INTELLIGENCE\PROJECT\HOPE_LOVE\NEURAL NETWORK DESIGN\DEBUG\INEURON.OBJ
E:\Artificial Intelligence\Project\Hope_Love\Neural Network Design\Debug\link.11460.read.1.tlog
E:\Artificial Intelligence\Project\Hope_Love\Neural Network Design\Debug\link.11460.write.1.tlog
E:\Artificial Intelligence\Project\Hope_Love\Neural Network Design\Debug\link.12280.read.1.tlog
E:\Artificial Intelligence\Project\Hope_Love\Neural Network Design\Debug\link.12280.write.1.tlog
E:\Artificial Intelligence\Project\Hope_Love\Neural Network Design\Debug\link.1316.read.1.tlog
E:\Artificial Intelligence\Project\Hope_Love\Neural Network Design\Debug\link.1316.write.1.tlog
E:\Artificial Intelligence\Project\Hope_Love\Neural Network Design\Debug\link.2588.read.1.tlog
E:\Artificial Intelligence\Project\Hope_Love\Neural Network Design\Debug\link.2588.write.1.tlog
E:\Artificial Intelligence\Project\Hope_Love\Neural Network Design\Debug\link.5692.read.1.tlog
E:\Artificial Intelligence\Project\Hope_Love\Neural Network Design\Debug\link.5692.write.1.tlog
E:\Artificial Intelligence\Project\Hope_Love\Neural Network Design\Debug\link.5836.read.1.tlog
E:\Artificial Intelligence\Project\Hope_Love\Neural Network Design\Debug\link.5836.write.1.tlog
E:\Artificial Intelligence\Project\Hope_Love\Neural Network Design\Debug\link.6284.read.1.tlog
E:\Artificial Intelligence\Project\Hope_Love\Neural Network Design\Debug\link.6284.write.1.tlog
E:\Artificial Intelligence\Project\Hope_Love\Neural Network Design\Debug\link.6892.read.1.tlog
E:\Artificial Intelligence\Project\Hope_Love\Neural Network Design\Debug\link.6892.write.1.tlog
E:\Artificial Intelligence\Project\Hope_Love\Neural Network Design\Debug\link.7232.read.1.tlog
E:\Artificial Intelligence\Project\Hope_Love\Neural Network Design\Debug\link.7232.write.1.tlog
E:\Artificial Intelligence\Project\Hope_Love\Neural Network Design\Debug\link.8356.read.1.tlog
E:\Artificial Intelligence\Project\Hope_Love\Neural Network Design\Debug\link.8356.write.1.tlog
E:\Artificial Intelligence\Project\Hope_Love\Neural Network Design\Debug\link.8756.read.1.tlog
E:\Artificial Intelligence\Project\Hope_Love\Neural Network Design\Debug\link.8756.write.1.tlog
E:\Artificial Intelligence\Project\Hope_Love\Neural Network Design\Debug\link.9740.read.1.tlog
E:\Artificial Intelligence\Project\Hope_Love\Neural Network Design\Debug\link.9740.write.1.tlog
E:\Artificial Intelligence\Project\Hope_Love\Neural Network Design\Debug\link.9848.read.1.tlog
E:\Artificial Intelligence\Project\Hope_Love\Neural Network Design\Debug\link.9848.write.1.tlog
E:\Artificial Intelligence\Project\Hope_Love\Neural Network Design\Debug\link.command.1.tlog
E:\Artificial Intelligence\Project\Hope_Love\Neural Network Design\Debug\link.read.1.tlog
E:\Artificial Intelligence\Project\Hope_Love\Neural Network Design\Debug\link.write.1.tlog
E:\Artificial Intelligence\Project\Hope_Love\Neural Network Design\Debug\mt.command.1.tlog
E:\Artificial Intelligence\Project\Hope_Love\Neural Network Design\Debug\mt.read.1.tlog
E:\Artificial Intelligence\Project\Hope_Love\Neural Network Design\Debug\mt.write.1.tlog
E:\ARTIFICIAL INTELLIGENCE\PROJECT\HOPE_LOVE\NEURAL NETWORK DESIGN\DEBUG\MULTILAYERNETWORK.OBJ
E:\ARTIFICIAL INTELLIGENCE\PROJECT\HOPE_LOVE\NEURAL NETWORK DESIGN\DEBUG\MULTILAYERNETWORKTRAINIMP.OBJ
E:\ARTIFICIAL INTELLIGENCE\PROJECT\HOPE_LOVE\NEURAL NETWORK DESIGN\DEBUG\MULTINET_MOBP.OBJ
E:\ARTIFICIAL INTELLIGENCE\PROJECT\HOPE_LOVE\NEURAL NETWORK DESIGN\DEBUG\MULTINET_SIMPLE.OBJ
E:\ARTIFICIAL INTELLIGENCE\PROJECT\HOPE_LOVE\NEURAL NETWORK DESIGN\DEBUG\NETWORK.OBJ
E:\ARTIFICIAL INTELLIGENCE\PROJECT\HOPE_LOVE\NEURAL NETWORK DESIGN\DEBUG\NETWORKPOLICY.OBJ
E:\ARTIFICIAL INTELLIGENCE\PROJECT\HOPE_LOVE\NEURAL NETWORK DESIGN\DEBUG\NEURAL NETWORK DESIGN.DLL.INTERMEDIATE.MANIFEST
E:\Artificial Intelligence\Project\Hope_Love\Neural Network Design\Debug\Neural Network Design.exe.intermediate.manifest
E:\ARTIFICIAL INTELLIGENCE\PROJECT\HOPE_LOVE\NEURAL NETWORK DESIGN\DEBUG\NEURAL NETWORK DESIGN.PCH
E:\Artificial Intelligence\Project\Hope_Love\Neural Network Design\Debug\Neural Network Design.vcxprojResolveAssemblyReference.cache
E:\Artificial Intelligence\Project\Hope_Love\Neural Network Design\Debug\Neural Network Design.write.1.tlog
E:\ARTIFICIAL INTELLIGENCE\PROJECT\HOPE_LOVE\NEURAL NETWORK DESIGN\DEBUG\NEURON.OBJ
E:\ARTIFICIAL INTELLIGENCE\PROJECT\HOPE_LOVE\NEURAL NETWORK DESIGN\DEBUG\NEURON_COMPET.OBJ
E:\ARTIFICIAL INTELLIGENCE\PROJECT\HOPE_LOVE\NEURAL NETWORK DESIGN\DEBUG\PERCEPTRON.OBJ
E:\ARTIFICIAL INTELLIGENCE\PROJECT\HOPE_LOVE\NEURAL NETWORK DESIGN\DEBUG\STDAFX.OBJ
E:\ARTIFICIAL INTELLIGENCE\PROJECT\HOPE_LOVE\NEURAL NETWORK DESIGN\DEBUG\TEST.OBJ
E:\ARTIFICIAL INTELLIGENCE\PROJECT\HOPE_LOVE\NEURAL NETWORK DESIGN\DEBUG\TESTCLASS.OBJ
E:\ARTIFICIAL INTELLIGENCE\PROJECT\HOPE_LOVE\NEURAL NETWORK DESIGN\DEBUG\TRANSFERFUNCTIONS.OBJ
E:\Artificial Intelligence\Project\Hope_Love\Neural Network Design\Debug\vc100.idb
E:\ARTIFICIAL INTELLIGENCE\PROJECT\HOPE_LOVE\NEURAL NETWORK DESIGN\DEBUG\VC100.PDB
