生成启动时间为 2016/4/28 0:30:44。
     1>项目“E:\Artificial Intelligence\Project\Hope_Love\Neural Network Design\Neural Network Design.vcxproj”在节点 2 上(build 个目标)。
     1>InitializeBuildStatus:
         正在创建“Debug\Neural Network Design.unsuccessfulbuild”，因为已指定“AlwaysCreate”。
       ClCompile:
         所有输出均为最新。
         所有输出均为最新。
       Link:
         所有输出均为最新。
         Neural Network Design.vcxproj -> E:\Artificial Intelligence\Project\Hope_Love\Debug\Neural Network Design.dll
       PostBuildEvent:
         Copy "E:\Artificial Intelligence\Project\Hope_Love\Debug\Neural Network Design.dll" "E:\Artificial Intelligence\Project\Hope_Love\HopeLove\bin\Debug\"
         :VCEnd
         已复制         1 个文件。
       FinalizeBuildStatus:
         正在删除文件“Debug\Neural Network Design.unsuccessfulbuild”。
         正在对“Debug\Neural Network Design.lastbuildstate”执行 Touch 任务。
     1>已完成生成项目“E:\Artificial Intelligence\Project\Hope_Love\Neural Network Design\Neural Network Design.vcxproj”(build 个目标)的操作。

生成成功。

已用时间 00:00:00.42
