生成启动时间为 2015/1/6 22:35:35。
     1>项目“E:\Artificial Intelligence\Project\Hope_Love\ReactionAnalysisAlgorithm\ReactionAnalysisAlgorithm.vcxproj”在节点 4 上(build 个目标)。
     1>InitializeBuildStatus:
         正在创建“x64\Debug\ReactionAnalysisAlgorithm.unsuccessfulbuild”，因为已指定“AlwaysCreate”。
       ClCompile:
         D:\Visual Studio 2010\VC\bin\x86_amd64\CL.exe /c /Zi /nologo /W3 /WX- /Od /D WIN32 /D _DEBUG /D _WINDLL /D _UNICODE /D UNICODE /Gm /EHsc /RTC1 /MDd /GS /fp:precise /Zc:wchar_t /Zc:forScope /Yc"StdAfx.h" /Fp"x64\Debug\ReactionAnalysisAlgorithm.pch" /Fo"x64\Debug\\" /Fd"x64\Debug\vc100.pdb" /Gd /TP /errorReport:prompt Stdafx.cpp
         Stdafx.cpp
         D:\Visual Studio 2010\VC\bin\x86_amd64\CL.exe /c /Zi /nologo /W3 /WX- /Od /D WIN32 /D _DEBUG /D _WINDLL /D _UNICODE /D UNICODE /Gm /EHsc /RTC1 /MDd /GS /fp:precise /Zc:wchar_t /Zc:forScope /Yu"StdAfx.h" /Fp"x64\Debug\ReactionAnalysisAlgorithm.pch" /Fo"x64\Debug\\" /Fd"x64\Debug\vc100.pdb" /Gd /TP /errorReport:prompt ReactionParser.cpp
         ReactionParser.cpp
       ManifestResourceCompile:
         C:\Program Files (x86)\Microsoft SDKs\Windows\v7.0A\bin\rc.exe /nologo /fo"x64\Debug\ReactionAnalysisAlgorithm.dll.embed.manifest.res" x64\Debug\ReactionAnalysisAlgorithm_manifest.rc 
       Link:
         D:\Visual Studio 2010\VC\bin\x86_amd64\link.exe /ERRORREPORT:PROMPT /OUT:"E:\Artificial Intelligence\Project\Hope_Love\x64\Debug\ReactionAnalysisAlgorithm.dll" /INCREMENTAL /NOLOGO /MANIFEST /ManifestFile:"x64\Debug\ReactionAnalysisAlgorithm.dll.intermediate.manifest" /MANIFESTUAC:"level='asInvoker' uiAccess='false'" /DEBUG /PDB:"E:\Artificial Intelligence\Project\Hope_Love\x64\Debug\ReactionAnalysisAlgorithm.pdb" /TLBID:1 /DYNAMICBASE /NXCOMPAT /IMPLIB:"E:\Artificial Intelligence\Project\Hope_Love\x64\Debug\ReactionAnalysisAlgorithm.lib" /MACHINE:X64 /DLL x64\Debug\ReactionAnalysisAlgorithm.dll.embed.manifest.res
         x64\Debug\ReactionParser.obj
         x64\Debug\Stdafx.obj
            正在创建库 E:\Artificial Intelligence\Project\Hope_Love\x64\Debug\ReactionAnalysisAlgorithm.lib 和对象 E:\Artificial Intelligence\Project\Hope_Love\x64\Debug\ReactionAnalysisAlgorithm.exp
         ReactionAnalysisAlgorithm.vcxproj -> E:\Artificial Intelligence\Project\Hope_Love\x64\Debug\ReactionAnalysisAlgorithm.dll
       Manifest:
         C:\Program Files (x86)\Microsoft SDKs\Windows\v7.0A\bin\mt.exe /nologo /verbose /out:"x64\Debug\ReactionAnalysisAlgorithm.dll.embed.manifest" /manifest x64\Debug\ReactionAnalysisAlgorithm.dll.intermediate.manifest
         C:\Program Files (x86)\Microsoft SDKs\Windows\v7.0A\bin\rc.exe /nologo /fo"x64\Debug\ReactionAnalysisAlgorithm.dll.embed.manifest.res" x64\Debug\ReactionAnalysisAlgorithm_manifest.rc 
       LinkEmbedManifest:
         D:\Visual Studio 2010\VC\bin\x86_amd64\link.exe /ERRORREPORT:PROMPT /OUT:"E:\Artificial Intelligence\Project\Hope_Love\x64\Debug\ReactionAnalysisAlgorithm.dll" /INCREMENTAL /NOLOGO /MANIFEST /ManifestFile:"x64\Debug\ReactionAnalysisAlgorithm.dll.intermediate.manifest" /MANIFESTUAC:"level='asInvoker' uiAccess='false'" /DEBUG /PDB:"E:\Artificial Intelligence\Project\Hope_Love\x64\Debug\ReactionAnalysisAlgorithm.pdb" /TLBID:1 /DYNAMICBASE /NXCOMPAT /IMPLIB:"E:\Artificial Intelligence\Project\Hope_Love\x64\Debug\ReactionAnalysisAlgorithm.lib" /MACHINE:X64 /DLL x64\Debug\ReactionAnalysisAlgorithm.dll.embed.manifest.res
         x64\Debug\ReactionParser.obj
         x64\Debug\Stdafx.obj
            正在创建库 E:\Artificial Intelligence\Project\Hope_Love\x64\Debug\ReactionAnalysisAlgorithm.lib 和对象 E:\Artificial Intelligence\Project\Hope_Love\x64\Debug\ReactionAnalysisAlgorithm.exp
         ReactionAnalysisAlgorithm.vcxproj -> E:\Artificial Intelligence\Project\Hope_Love\x64\Debug\ReactionAnalysisAlgorithm.dll
       FinalizeBuildStatus:
         正在删除文件“x64\Debug\ReactionAnalysisAlgorithm.unsuccessfulbuild”。
         正在对“x64\Debug\ReactionAnalysisAlgorithm.lastbuildstate”执行 Touch 任务。
     1>已完成生成项目“E:\Artificial Intelligence\Project\Hope_Love\ReactionAnalysisAlgorithm\ReactionAnalysisAlgorithm.vcxproj”(build 个目标)的操作。

生成成功。

已用时间 00:00:07.73
