生成启动时间为 2015/5/16 0:22:45。
     1>项目“E:\Artificial Intelligence\Project\Hope_Love\SentenceAnalysisAlgorithm\SentenceAnalysisAlgorithm.vcxproj”在节点 3 上(build 个目标)。
     1>InitializeBuildStatus:
         正在创建“Release\SentenceAnalysisAlgorithm.unsuccessfulbuild”，因为已指定“AlwaysCreate”。
       ClCompile:
         所有输出均为最新。
         D:\Visual Studio 2010\VC\bin\CL.exe /c /Zi /nologo /W3 /WX- /O2 /Oy- /D WIN32 /D NDEBUG /D _WINDLL /D _UNICODE /D UNICODE /Gm- /EHsc /MD /GS /fp:precise /Zc:wchar_t /Zc:forScope /Yu"StdAfx.h" /Fp"Release\SentenceAnalysisAlgorithm.pch" /Fo"Release\\" /Fd"Release\vc100.pdb" /Gz /TP /analyze- /errorReport:prompt ContextAnalyzer.cpp EmotionAnalyzer.cpp GrammarAnalyzer.cpp Punctuator.cpp SentenceAnalyzer.cpp SentenceParser.cpp WordSegmentator.cpp
         ContextAnalyzer.cpp
         EmotionAnalyzer.cpp
         GrammarAnalyzer.cpp
         Punctuator.cpp
         SentenceAnalyzer.cpp
         SentenceParser.cpp
         WordSegmentator.cpp
     1>WordSegmentator.cpp(108): warning C4018: “<”: 有符号/无符号不匹配
     1>WordSegmentator.cpp(155): warning C4018: “<”: 有符号/无符号不匹配
     1>WordSegmentator.cpp(158): warning C4018: “<”: 有符号/无符号不匹配
         正在生成代码...
       Link:
         D:\Visual Studio 2010\VC\bin\link.exe /ERRORREPORT:PROMPT /OUT:"E:\Artificial Intelligence\Project\Hope_Love\Release\SentenceAnalysisAlgorithm.dll" /INCREMENTAL:NO /NOLOGO /MANIFEST /ManifestFile:"Release\SentenceAnalysisAlgorithm.dll.intermediate.manifest" /MANIFESTUAC:"level='asInvoker' uiAccess='false'" /DEBUG /PDB:"E:\Artificial Intelligence\Project\Hope_Love\Release\SentenceAnalysisAlgorithm.pdb" /TLBID:1 /DYNAMICBASE /NXCOMPAT /IMPLIB:"E:\Artificial Intelligence\Project\Hope_Love\Release\SentenceAnalysisAlgorithm.lib" /MACHINE:X86 /DLL Release\ContextAnalyzer.obj
         Release\EmotionAnalyzer.obj
         Release\GrammarAnalyzer.obj
         Release\Punctuator.obj
         Release\SentenceAnalyzer.obj
         Release\SentenceParser.obj
         Release\Stdafx.obj
         Release\WordSegmentator.obj
         "E:\Artificial Intelligence\Project\Hope_Love\Release\DataCollection.lib"
         "E:\Artificial Intelligence\Project\Hope_Love\Release\DataWrapperCPP.lib"
         "E:\Artificial Intelligence\Project\Hope_Love\Release\Mind.lib"
            正在创建库 E:\Artificial Intelligence\Project\Hope_Love\Release\SentenceAnalysisAlgorithm.lib 和对象 E:\Artificial Intelligence\Project\Hope_Love\Release\SentenceAnalysisAlgorithm.exp
         SentenceAnalysisAlgorithm.vcxproj -> E:\Artificial Intelligence\Project\Hope_Love\Release\SentenceAnalysisAlgorithm.dll
       Manifest:
         C:\Program Files (x86)\Microsoft SDKs\Windows\v7.0A\bin\mt.exe /nologo /verbose /outputresource:"E:\Artificial Intelligence\Project\Hope_Love\Release\SentenceAnalysisAlgorithm.dll;#2" /manifest Release\SentenceAnalysisAlgorithm.dll.intermediate.manifest
       FinalizeBuildStatus:
         正在删除文件“Release\SentenceAnalysisAlgorithm.unsuccessfulbuild”。
         正在对“Release\SentenceAnalysisAlgorithm.lastbuildstate”执行 Touch 任务。
     1>已完成生成项目“E:\Artificial Intelligence\Project\Hope_Love\SentenceAnalysisAlgorithm\SentenceAnalysisAlgorithm.vcxproj”(build 个目标)的操作。

生成成功。

已用时间 00:00:06.19
