E:\ARTIFICIAL INTELLIGENCE\PROJECT\HOPE_LOVE\RELEASE\SENTENCEANALYSISALGORITHM.DLL
E:\Artificial Intelligence\Project\Hope_Love\Release\SentenceAnalysisAlgorithm.exp
E:\Artificial Intelligence\Project\Hope_Love\Release\SentenceAnalysisAlgorithm.lib
E:\Artificial Intelligence\Project\Hope_Love\Release\SentenceAnalysisAlgorithm.pdb
E:\ARTIFICIAL INTELLIGENCE\PROJECT\HOPE_LOVE\SENTENCEANALYSISALGORITHM\RELEASE\.NETFRAMEWORK,VERSION=V4.0.ASSEMBLYATTRIBUTES.OBJ
E:\Artificial Intelligence\Project\Hope_Love\SentenceAnalysisAlgorithm\Release\cl.command.1.tlog
E:\Artificial Intelligence\Project\Hope_Love\SentenceAnalysisAlgorithm\Release\CL.read.1.tlog
E:\Artificial Intelligence\Project\Hope_Love\SentenceAnalysisAlgorithm\Release\CL.write.1.tlog
E:\ARTIFICIAL INTELLIGENCE\PROJECT\HOPE_LOVE\SENTENCEANALYSISALGORITHM\RELEASE\CONTEXTANALYZER.OBJ
E:\ARTIFICIAL INTELLIGENCE\PROJECT\HOPE_LOVE\SENTENCEANALYSISALGORITHM\RELEASE\EMOTIONANALYZER.OBJ
E:\Artificial Intelligence\Project\Hope_Love\SentenceAnalysisAlgorithm\Release\link.command.1.tlog
E:\Artificial Intelligence\Project\Hope_Love\SentenceAnalysisAlgorithm\Release\link.read.1.tlog
E:\Artificial Intelligence\Project\Hope_Love\SentenceAnalysisAlgorithm\Release\link.write.1.tlog
E:\Artificial Intelligence\Project\Hope_Love\SentenceAnalysisAlgorithm\Release\mt.command.1.tlog
E:\Artificial Intelligence\Project\Hope_Love\SentenceAnalysisAlgorithm\Release\mt.read.1.tlog
E:\Artificial Intelligence\Project\Hope_Love\SentenceAnalysisAlgorithm\Release\mt.write.1.tlog
E:\Artificial Intelligence\Project\Hope_Love\SentenceAnalysisAlgorithm\Release\ResolveAssemblyReference.cache
E:\Artificial Intelligence\Project\Hope_Love\SentenceAnalysisAlgorithm\Release\SentenceAnalysisAlgorithm.dll.intermediate.manifest
E:\ARTIFICIAL INTELLIGENCE\PROJECT\HOPE_LOVE\SENTENCEANALYSISALGORITHM\RELEASE\SENTENCEANALYSISALGORITHM.PCH
E:\Artificial Intelligence\Project\Hope_Love\SentenceAnalysisAlgorithm\Release\SentenceAnalysisAlgorithm.write.1.tlog
E:\ARTIFICIAL INTELLIGENCE\PROJECT\HOPE_LOVE\SENTENCEANALYSISALGORITHM\RELEASE\SENTENCEANALYZER.OBJ
E:\ARTIFICIAL INTELLIGENCE\PROJECT\HOPE_LOVE\SENTENCEANALYSISALGORITHM\RELEASE\SENTENCEPARSER.OBJ
E:\ARTIFICIAL INTELLIGENCE\PROJECT\HOPE_LOVE\SENTENCEANALYSISALGORITHM\RELEASE\STDAFX.OBJ
E:\ARTIFICIAL INTELLIGENCE\PROJECT\HOPE_LOVE\SENTENCEANALYSISALGORITHM\RELEASE\VC100.PDB
