E:\Artificial Intelligence\Project\Hope_Love\CommandList\Debug\cl.command.1.tlog
E:\Artificial Intelligence\Project\Hope_Love\CommandList\Debug\CL.read.1.tlog
E:\Artificial Intelligence\Project\Hope_Love\CommandList\Debug\CL.write.1.tlog
E:\ARTIFICIAL INTELLIGENCE\PROJECT\HOPE_LOVE\COMMANDLIST\DEBUG\COMMAND.OBJ
E:\ARTIFICIAL INTELLIGENCE\PROJECT\HOPE_LOVE\COMMANDLIST\DEBUG\COMMANDLIST.DLL.INTERMEDIATE.MANIFEST
E:\ARTIFICIAL INTELLIGENCE\PROJECT\HOPE_LOVE\COMMANDLIST\DEBUG\COMMANDLIST.PCH
E:\Artificial Intelligence\Project\Hope_Love\CommandList\Debug\CommandList.vcxprojResolveAssemblyReference.cache
E:\Artificial Intelligence\Project\Hope_Love\CommandList\Debug\CommandList.write.1.tlog
E:\Artificial Intelligence\Project\Hope_Love\CommandList\Debug\link.2360.read.1.tlog
E:\Artificial Intelligence\Project\Hope_Love\CommandList\Debug\link.2360.write.1.tlog
E:\Artificial Intelligence\Project\Hope_Love\CommandList\Debug\link.6220.read.1.tlog
E:\Artificial Intelligence\Project\Hope_Love\CommandList\Debug\link.6220.write.1.tlog
E:\Artificial Intelligence\Project\Hope_Love\CommandList\Debug\link.6856.read.1.tlog
E:\Artificial Intelligence\Project\Hope_Love\CommandList\Debug\link.6856.write.1.tlog
E:\Artificial Intelligence\Project\Hope_Love\CommandList\Debug\link.7532.read.1.tlog
E:\Artificial Intelligence\Project\Hope_Love\CommandList\Debug\link.7532.write.1.tlog
E:\Artificial Intelligence\Project\Hope_Love\CommandList\Debug\link.8888.read.1.tlog
E:\Artificial Intelligence\Project\Hope_Love\CommandList\Debug\link.8888.write.1.tlog
E:\Artificial Intelligence\Project\Hope_Love\CommandList\Debug\link.9064.read.1.tlog
E:\Artificial Intelligence\Project\Hope_Love\CommandList\Debug\link.9064.write.1.tlog
E:\Artificial Intelligence\Project\Hope_Love\CommandList\Debug\link.command.1.tlog
E:\Artificial Intelligence\Project\Hope_Love\CommandList\Debug\link.read.1.tlog
E:\Artificial Intelligence\Project\Hope_Love\CommandList\Debug\link.write.1.tlog
E:\Artificial Intelligence\Project\Hope_Love\CommandList\Debug\mt.command.1.tlog
E:\Artificial Intelligence\Project\Hope_Love\CommandList\Debug\mt.read.1.tlog
E:\Artificial Intelligence\Project\Hope_Love\CommandList\Debug\mt.write.1.tlog
E:\ARTIFICIAL INTELLIGENCE\PROJECT\HOPE_LOVE\COMMANDLIST\DEBUG\SPEAKCOMMAND.OBJ
E:\ARTIFICIAL INTELLIGENCE\PROJECT\HOPE_LOVE\COMMANDLIST\DEBUG\STDAFX.OBJ
E:\Artificial Intelligence\Project\Hope_Love\CommandList\Debug\vc100.idb
E:\ARTIFICIAL INTELLIGENCE\PROJECT\HOPE_LOVE\COMMANDLIST\DEBUG\VC100.PDB
E:\ARTIFICIAL INTELLIGENCE\PROJECT\HOPE_LOVE\DEBUG\COMMANDLIST.DLL
E:\ARTIFICIAL INTELLIGENCE\PROJECT\HOPE_LOVE\DEBUG\COMMANDLIST.DLL.MANIFEST
E:\Artificial Intelligence\Project\Hope_Love\Debug\CommandList.exp
E:\ARTIFICIAL INTELLIGENCE\PROJECT\HOPE_LOVE\DEBUG\COMMANDLIST.ILK
E:\Artificial Intelligence\Project\Hope_Love\Debug\CommandList.lib
E:\ARTIFICIAL INTELLIGENCE\PROJECT\HOPE_LOVE\DEBUG\COMMANDLIST.PDB
