生成启动时间为 2015/1/6 22:36:09。
     1>项目“E:\Artificial Intelligence\Project\Hope_Love\SentenceAnalysisAlgorithm\SentenceAnalysisAlgorithm.vcxproj”在节点 2 上(build 个目标)。
     1>InitializeBuildStatus:
         正在创建“x64\Debug\SentenceAnalysisAlgorithm.unsuccessfulbuild”，因为已指定“AlwaysCreate”。
       ClCompile:
         D:\Visual Studio 2010\VC\bin\x86_amd64\CL.exe /c /Zi /nologo /W3 /WX- /Od /D WIN32 /D _DEBUG /D _WINDLL /D _UNICODE /D UNICODE /Gm /EHsc /RTC1 /MDd /GS /fp:precise /Zc:wchar_t /Zc:forScope /Yc"StdAfx.h" /Fp"x64\Debug\SentenceAnalysisAlgorithm.pch" /Fo"x64\Debug\\" /Fd"x64\Debug\vc100.pdb" /Gz /TP /errorReport:prompt Stdafx.cpp
         Stdafx.cpp
         D:\Visual Studio 2010\VC\bin\x86_amd64\CL.exe /c /Zi /nologo /W3 /WX- /Od /D WIN32 /D _DEBUG /D _WINDLL /D _UNICODE /D UNICODE /Gm /EHsc /RTC1 /MDd /GS /fp:precise /Zc:wchar_t /Zc:forScope /Yu"StdAfx.h" /Fp"x64\Debug\SentenceAnalysisAlgorithm.pch" /Fo"x64\Debug\\" /Fd"x64\Debug\vc100.pdb" /Gz /TP /errorReport:prompt ContextAnalyzer.cpp EmotionAnalyzer.cpp Punctuator.cpp SentenceAnalyzer.cpp SentenceParser.cpp WordSegmentator.cpp
         WordSegmentator.cpp
     1>e:\artificial intelligence\project\hope_love\sentenceanalysisalgorithm\../DataCollection/Word.h(39): warning C4267: “return”: 从“size_t”转换到“int”，可能丢失数据
         SentenceParser.cpp
         SentenceAnalyzer.cpp
         Punctuator.cpp
         EmotionAnalyzer.cpp
         ContextAnalyzer.cpp
         Generating Code...
       ManifestResourceCompile:
         C:\Program Files (x86)\Microsoft SDKs\Windows\v7.0A\bin\rc.exe /nologo /fo"x64\Debug\SentenceAnalysisAlgorithm.dll.embed.manifest.res" x64\Debug\SentenceAnalysisAlgorithm_manifest.rc 
       Link:
         D:\Visual Studio 2010\VC\bin\x86_amd64\link.exe /ERRORREPORT:PROMPT /OUT:"E:\Artificial Intelligence\Project\Hope_Love\x64\Debug\SentenceAnalysisAlgorithm.dll" /INCREMENTAL /NOLOGO "E:\Artificial Intelligence\Project\Hope_Love\x64\Debug\DataCollection.lib" kernel32.lib user32.lib gdi32.lib winspool.lib comdlg32.lib advapi32.lib shell32.lib ole32.lib oleaut32.lib uuid.lib odbc32.lib odbccp32.lib /MANIFEST /ManifestFile:"x64\Debug\SentenceAnalysisAlgorithm.dll.intermediate.manifest" /MANIFESTUAC:"level='asInvoker' uiAccess='false'" /DEBUG /PDB:"E:\Artificial Intelligence\Project\Hope_Love\x64\Debug\SentenceAnalysisAlgorithm.pdb" /TLBID:1 /DYNAMICBASE /NXCOMPAT /IMPLIB:"E:\Artificial Intelligence\Project\Hope_Love\x64\Debug\SentenceAnalysisAlgorithm.lib" /MACHINE:X64 /DLL x64\Debug\SentenceAnalysisAlgorithm.dll.embed.manifest.res
         x64\Debug\ContextAnalyzer.obj
         x64\Debug\EmotionAnalyzer.obj
         x64\Debug\Punctuator.obj
         x64\Debug\SentenceAnalyzer.obj
         x64\Debug\SentenceParser.obj
         x64\Debug\Stdafx.obj
         x64\Debug\WordSegmentator.obj
         "E:\Artificial Intelligence\Project\Hope_Love\x64\Debug\DataCollection.lib"
         "E:\Artificial Intelligence\Project\Hope_Love\x64\Debug\DataWrapperCPP.lib"
         "E:\Artificial Intelligence\Project\Hope_Love\x64\Debug\Mind.lib"
            正在创建库 E:\Artificial Intelligence\Project\Hope_Love\x64\Debug\SentenceAnalysisAlgorithm.lib 和对象 E:\Artificial Intelligence\Project\Hope_Love\x64\Debug\SentenceAnalysisAlgorithm.exp
         SentenceAnalysisAlgorithm.vcxproj -> E:\Artificial Intelligence\Project\Hope_Love\x64\Debug\SentenceAnalysisAlgorithm.dll
       Manifest:
         C:\Program Files (x86)\Microsoft SDKs\Windows\v7.0A\bin\mt.exe /nologo /verbose /out:"x64\Debug\SentenceAnalysisAlgorithm.dll.embed.manifest" /manifest x64\Debug\SentenceAnalysisAlgorithm.dll.intermediate.manifest
         C:\Program Files (x86)\Microsoft SDKs\Windows\v7.0A\bin\rc.exe /nologo /fo"x64\Debug\SentenceAnalysisAlgorithm.dll.embed.manifest.res" x64\Debug\SentenceAnalysisAlgorithm_manifest.rc 
       LinkEmbedManifest:
         D:\Visual Studio 2010\VC\bin\x86_amd64\link.exe /ERRORREPORT:PROMPT /OUT:"E:\Artificial Intelligence\Project\Hope_Love\x64\Debug\SentenceAnalysisAlgorithm.dll" /INCREMENTAL /NOLOGO "E:\Artificial Intelligence\Project\Hope_Love\x64\Debug\DataCollection.lib" kernel32.lib user32.lib gdi32.lib winspool.lib comdlg32.lib advapi32.lib shell32.lib ole32.lib oleaut32.lib uuid.lib odbc32.lib odbccp32.lib /MANIFEST /ManifestFile:"x64\Debug\SentenceAnalysisAlgorithm.dll.intermediate.manifest" /MANIFESTUAC:"level='asInvoker' uiAccess='false'" /DEBUG /PDB:"E:\Artificial Intelligence\Project\Hope_Love\x64\Debug\SentenceAnalysisAlgorithm.pdb" /TLBID:1 /DYNAMICBASE /NXCOMPAT /IMPLIB:"E:\Artificial Intelligence\Project\Hope_Love\x64\Debug\SentenceAnalysisAlgorithm.lib" /MACHINE:X64 /DLL x64\Debug\SentenceAnalysisAlgorithm.dll.embed.manifest.res
         x64\Debug\ContextAnalyzer.obj
         x64\Debug\EmotionAnalyzer.obj
         x64\Debug\Punctuator.obj
         x64\Debug\SentenceAnalyzer.obj
         x64\Debug\SentenceParser.obj
         x64\Debug\Stdafx.obj
         x64\Debug\WordSegmentator.obj
         "E:\Artificial Intelligence\Project\Hope_Love\x64\Debug\DataCollection.lib"
         "E:\Artificial Intelligence\Project\Hope_Love\x64\Debug\DataWrapperCPP.lib"
         "E:\Artificial Intelligence\Project\Hope_Love\x64\Debug\Mind.lib"
            正在创建库 E:\Artificial Intelligence\Project\Hope_Love\x64\Debug\SentenceAnalysisAlgorithm.lib 和对象 E:\Artificial Intelligence\Project\Hope_Love\x64\Debug\SentenceAnalysisAlgorithm.exp
         SentenceAnalysisAlgorithm.vcxproj -> E:\Artificial Intelligence\Project\Hope_Love\x64\Debug\SentenceAnalysisAlgorithm.dll
       FinalizeBuildStatus:
         正在删除文件“x64\Debug\SentenceAnalysisAlgorithm.unsuccessfulbuild”。
         正在对“x64\Debug\SentenceAnalysisAlgorithm.lastbuildstate”执行 Touch 任务。
     1>已完成生成项目“E:\Artificial Intelligence\Project\Hope_Love\SentenceAnalysisAlgorithm\SentenceAnalysisAlgorithm.vcxproj”(build 个目标)的操作。

生成成功。

已用时间 00:00:06.91
