生成启动时间为 2016/3/5 23:57:37。
     1>项目“E:\Artificial Intelligence\Project\Hope_Love\DataCollection\DataCollection.vcxproj”在节点 3 上(build 个目标)。
     1>InitializeBuildStatus:
         正在创建“Release\DataCollection.unsuccessfulbuild”，因为已指定“AlwaysCreate”。
       ClCompile:
         所有输出均为最新。
         所有输出均为最新。
       Link:
         C:\Program Files (x86)\Microsoft Visual Studio 10.0\VC\bin\link.exe /ERRORREPORT:PROMPT /OUT:"E:\Artificial Intelligence\Project\Hope_Love\Release\DataCollection.dll" /INCREMENTAL:NO /NOLOGO /MANIFEST /ManifestFile:"Release\DataCollection.dll.intermediate.manifest" /MANIFESTUAC:"level='asInvoker' uiAccess='false'" /DEBUG /PDB:"E:\Artificial Intelligence\Project\Hope_Love\Release\DataCollection.pdb" /TLBID:1 /DYNAMICBASE /NXCOMPAT /IMPLIB:"E:\Artificial Intelligence\Project\Hope_Love\Release\DataCollection.lib" /MACHINE:X86 /DLL Release\Character.obj
         Release\ChineseCharacters.obj
         Release\DataBase.obj
         Release\GrammaPattern.obj
         Release\GrammardSentence.obj
         Release\PrepositionCollection.obj
         Release\Punctures.obj
         Release\Sentence.obj
         Release\Stdafx.obj
         Release\StructuredSentence.obj
         Release\WordColletction.obj
         Release\DataBaseProcessorTool.obj
         Release\Word.obj
         Release\WordSearchAlgorithm.obj
         "E:\Artificial Intelligence\Project\Hope_Love\Release\CommonTools.lib"
            正在创建库 E:\Artificial Intelligence\Project\Hope_Love\Release\DataCollection.lib 和对象 E:\Artificial Intelligence\Project\Hope_Love\Release\DataCollection.exp
         DataCollection.vcxproj -> E:\Artificial Intelligence\Project\Hope_Love\Release\DataCollection.dll
       Manifest:
         C:\Program Files (x86)\Microsoft SDKs\Windows\v7.0A\bin\mt.exe /nologo /verbose /outputresource:"E:\Artificial Intelligence\Project\Hope_Love\Release\DataCollection.dll;#2" /manifest Release\DataCollection.dll.intermediate.manifest
       FinalizeBuildStatus:
         正在删除文件“Release\DataCollection.unsuccessfulbuild”。
         正在对“Release\DataCollection.lastbuildstate”执行 Touch 任务。
     1>已完成生成项目“E:\Artificial Intelligence\Project\Hope_Love\DataCollection\DataCollection.vcxproj”(build 个目标)的操作。

生成成功。

已用时间 00:00:00.48
