E:\ARTIFICIAL INTELLIGENCE\PROJECT\HOPE_LOVE\DATACOLLECTION\RELEASE\.NETFRAMEWORK,VERSION=V4.0.ASSEMBLYATTRIBUTES.OBJ
E:\ARTIFICIAL INTELLIGENCE\PROJECT\HOPE_LOVE\DATACOLLECTION\RELEASE\CHARACTER.OBJ
E:\ARTIFICIAL INTELLIGENCE\PROJECT\HOPE_LOVE\DATACOLLECTION\RELEASE\CHINESECHARACTERS.OBJ
E:\Artificial Intelligence\Project\Hope_Love\DataCollection\Release\cl.command.1.tlog
E:\Artificial Intelligence\Project\Hope_Love\DataCollection\Release\CL.read.1.tlog
E:\Artificial Intelligence\Project\Hope_Love\DataCollection\Release\CL.write.1.tlog
E:\ARTIFICIAL INTELLIGENCE\PROJECT\HOPE_LOVE\DATACOLLECTION\RELEASE\DATABASE.OBJ
E:\ARTIFICIAL INTELLIGENCE\PROJECT\HOPE_LOVE\DATACOLLECTION\RELEASE\DATABASEPROCESSORTOOL.OBJ
E:\ARTIFICIAL INTELLIGENCE\PROJECT\HOPE_LOVE\DATACOLLECTION\RELEASE\DATACOLLECTION.DLL.INTERMEDIATE.MANIFEST
E:\ARTIFICIAL INTELLIGENCE\PROJECT\HOPE_LOVE\DATACOLLECTION\RELEASE\DATACOLLECTION.PCH
E:\Artificial Intelligence\Project\Hope_Love\DataCollection\Release\DataCollection.write.1.tlog
E:\Artificial Intelligence\Project\Hope_Love\DataCollection\Release\link.command.1.tlog
E:\Artificial Intelligence\Project\Hope_Love\DataCollection\Release\link.read.1.tlog
E:\Artificial Intelligence\Project\Hope_Love\DataCollection\Release\link.write.1.tlog
E:\Artificial Intelligence\Project\Hope_Love\DataCollection\Release\mt.command.1.tlog
E:\Artificial Intelligence\Project\Hope_Love\DataCollection\Release\mt.read.1.tlog
E:\Artificial Intelligence\Project\Hope_Love\DataCollection\Release\mt.write.1.tlog
E:\ARTIFICIAL INTELLIGENCE\PROJECT\HOPE_LOVE\DATACOLLECTION\RELEASE\PREPOSITIONCOLLECTION.OBJ
E:\ARTIFICIAL INTELLIGENCE\PROJECT\HOPE_LOVE\DATACOLLECTION\RELEASE\PUNCTURES.OBJ
E:\Artificial Intelligence\Project\Hope_Love\DataCollection\Release\ResolveAssemblyReference.cache
E:\ARTIFICIAL INTELLIGENCE\PROJECT\HOPE_LOVE\DATACOLLECTION\RELEASE\STDAFX.OBJ
E:\ARTIFICIAL INTELLIGENCE\PROJECT\HOPE_LOVE\DATACOLLECTION\RELEASE\VC100.PDB
E:\ARTIFICIAL INTELLIGENCE\PROJECT\HOPE_LOVE\DATACOLLECTION\RELEASE\WORD.OBJ
E:\ARTIFICIAL INTELLIGENCE\PROJECT\HOPE_LOVE\DATACOLLECTION\RELEASE\WORDCOLLETCTION.OBJ
E:\ARTIFICIAL INTELLIGENCE\PROJECT\HOPE_LOVE\DATACOLLECTION\RELEASE\WORDSEARCHALGORITHM.OBJ
E:\ARTIFICIAL INTELLIGENCE\PROJECT\HOPE_LOVE\RELEASE\DATACOLLECTION.DLL
E:\Artificial Intelligence\Project\Hope_Love\Release\DataCollection.exp
E:\Artificial Intelligence\Project\Hope_Love\Release\DataCollection.lib
E:\ARTIFICIAL INTELLIGENCE\PROJECT\HOPE_LOVE\RELEASE\DATACOLLECTION.PDB
